2024-11-09 00:22:38,592 - INFO - Starting data Loading process.
2024-11-09 00:22:52,829 - INFO - Data loaded for TSLA
2024-11-09 00:22:53,711 - INFO - Data loaded for BND
2024-11-09 00:22:54,509 - INFO - Data loaded for SPY
2024-11-09 01:04:52,213 - INFO - Loading data for TSLA from 2015-01-01 to 2024-10-31
2024-11-09 01:05:01,279 - INFO - Data for TSLA loaded successfully.
2024-11-09 01:05:01,281 - INFO - Loading data for BND from 2015-01-01 to 2024-10-31
2024-11-09 01:05:02,487 - INFO - Data for BND loaded successfully.
2024-11-09 01:05:02,488 - INFO - Loading data for SPY from 2015-01-01 to 2024-10-31
2024-11-09 01:05:03,007 - INFO - Data for SPY loaded successfully.
2024-11-09 01:05:03,186 - INFO - Data for TSLA saved to ../data\TSLA.csv
2024-11-09 01:05:03,265 - INFO - Data for BND saved to ../data\BND.csv
2024-11-09 01:05:03,346 - INFO - Data for SPY saved to ../data\SPY.csv
2024-11-09 01:05:03,360 - INFO - Checking missing values for TSLA
2024-11-09 01:05:03,363 - INFO - Missing values for TSLA: Price      Ticker
Adj Close  TSLA      0
Close      TSLA      0
High       TSLA      0
Low        TSLA      0
Open       TSLA      0
Volume     TSLA      0
dtype: int64
2024-11-09 01:05:03,363 - INFO - Checking missing values for BND
2024-11-09 01:05:03,365 - INFO - Missing values for BND: Price      Ticker
Adj Close  BND       0
Close      BND       0
High       BND       0
Low        BND       0
Open       BND       0
Volume     BND       0
dtype: int64
2024-11-09 01:05:03,366 - INFO - Checking missing values for SPY
2024-11-09 01:05:03,368 - INFO - Missing values for SPY: Price      Ticker
Adj Close  SPY       0
Close      SPY       0
High       SPY       0
Low        SPY       0
Open       SPY       0
Volume     SPY       0
dtype: int64
2024-11-09 01:05:03,368 - INFO - Data cleaning completed.
2024-11-09 01:42:48,702 - INFO - Loading data for TSLA from 2015-01-01 to 2024-10-31
2024-11-09 01:42:48,849 - INFO - Data for TSLA loaded successfully.
2024-11-09 01:42:48,849 - INFO - Loading data for BND from 2015-01-01 to 2024-10-31
2024-11-09 01:42:48,978 - INFO - Data for BND loaded successfully.
2024-11-09 01:42:48,978 - INFO - Loading data for SPY from 2015-01-01 to 2024-10-31
2024-11-09 01:42:49,111 - INFO - Data for SPY loaded successfully.
2024-11-09 01:42:54,445 - INFO - Data for TSLA saved to ../data\TSLA.csv
2024-11-09 01:42:54,509 - INFO - Data for BND saved to ../data\BND.csv
2024-11-09 01:42:54,582 - INFO - Data for SPY saved to ../data\SPY.csv
2024-11-09 01:42:56,069 - INFO - Checking missing values for TSLA
2024-11-09 01:42:56,074 - INFO - Missing values for TSLA: Price      Ticker
Adj Close  TSLA      0
Close      TSLA      0
High       TSLA      0
Low        TSLA      0
Open       TSLA      0
Volume     TSLA      0
dtype: int64
2024-11-09 01:42:56,074 - INFO - Checking missing values for BND
2024-11-09 01:42:56,078 - INFO - Missing values for BND: Price      Ticker
Adj Close  BND       0
Close      BND       0
High       BND       0
Low        BND       0
Open       BND       0
Volume     BND       0
dtype: int64
2024-11-09 01:42:56,078 - INFO - Checking missing values for SPY
2024-11-09 01:42:56,082 - INFO - Missing values for SPY: Price      Ticker
Adj Close  SPY       0
Close      SPY       0
High       SPY       0
Low        SPY       0
Open       SPY       0
Volume     SPY       0
dtype: int64
2024-11-09 01:42:56,082 - INFO - Data cleaning completed.
2024-11-09 01:48:19,995 - INFO - Loading data for TSLA from 2015-01-01 to 2024-10-31
2024-11-09 01:48:22,419 - INFO - Data for TSLA loaded successfully.
2024-11-09 01:48:22,419 - INFO - Loading data for BND from 2015-01-01 to 2024-10-31
2024-11-09 01:48:22,951 - INFO - Data for BND loaded successfully.
2024-11-09 01:48:22,952 - INFO - Loading data for SPY from 2015-01-01 to 2024-10-31
2024-11-09 01:48:23,620 - INFO - Data for SPY loaded successfully.
2024-11-09 01:48:23,869 - INFO - Data for TSLA saved to ../data\TSLA.csv
2024-11-09 01:48:23,998 - INFO - Data for BND saved to ../data\BND.csv
2024-11-09 01:48:24,136 - INFO - Data for SPY saved to ../data\SPY.csv
2024-11-09 01:48:24,152 - INFO - Checking missing values for TSLA
2024-11-09 01:48:24,164 - INFO - Missing values for TSLA: Price      Ticker
Adj Close  TSLA      0
Close      TSLA      0
High       TSLA      0
Low        TSLA      0
Open       TSLA      0
Volume     TSLA      0
dtype: int64
2024-11-09 01:48:24,164 - INFO - Checking missing values for BND
2024-11-09 01:48:24,170 - INFO - Missing values for BND: Price      Ticker
Adj Close  BND       0
Close      BND       0
High       BND       0
Low        BND       0
Open       BND       0
Volume     BND       0
dtype: int64
2024-11-09 01:48:24,170 - INFO - Checking missing values for SPY
2024-11-09 01:48:24,172 - INFO - Missing values for SPY: Price      Ticker
Adj Close  SPY       0
Close      SPY       0
High       SPY       0
Low        SPY       0
Open       SPY       0
Volume     SPY       0
dtype: int64
2024-11-09 01:48:24,174 - INFO - Data cleaning completed.
2024-11-09 01:50:54,863 - INFO - Loading data for TSLA from 2015-01-01 to 2024-10-31
2024-11-09 01:50:56,978 - INFO - Data for TSLA loaded successfully.
2024-11-09 01:50:56,978 - INFO - Loading data for BND from 2015-01-01 to 2024-10-31
2024-11-09 01:50:57,614 - INFO - Data for BND loaded successfully.
2024-11-09 01:50:57,614 - INFO - Loading data for SPY from 2015-01-01 to 2024-10-31
2024-11-09 01:50:58,144 - INFO - Data for SPY loaded successfully.
2024-11-09 01:50:58,336 - INFO - Data for TSLA saved to ../data\TSLA.csv
2024-11-09 01:50:58,538 - INFO - Data for BND saved to ../data\BND.csv
2024-11-09 01:50:58,729 - INFO - Data for SPY saved to ../data\SPY.csv
2024-11-09 01:50:58,758 - INFO - Checking missing values for TSLA
2024-11-09 01:50:58,762 - INFO - Missing values for TSLA: Price      Ticker
Adj Close  TSLA      0
Close      TSLA      0
High       TSLA      0
Low        TSLA      0
Open       TSLA      0
Volume     TSLA      0
dtype: int64
2024-11-09 01:50:58,762 - INFO - Checking missing values for BND
2024-11-09 01:50:58,762 - INFO - Missing values for BND: Price      Ticker
Adj Close  BND       0
Close      BND       0
High       BND       0
Low        BND       0
Open       BND       0
Volume     BND       0
dtype: int64
2024-11-09 01:50:58,772 - INFO - Checking missing values for SPY
2024-11-09 01:50:58,776 - INFO - Missing values for SPY: Price      Ticker
Adj Close  SPY       0
Close      SPY       0
High       SPY       0
Low        SPY       0
Open       SPY       0
Volume     SPY       0
dtype: int64
2024-11-09 01:50:58,776 - INFO - Data cleaning completed.
2024-11-09 01:56:33,854 - INFO - Loading data for TSLA from 2015-01-01 to 2024-10-31
2024-11-09 01:56:36,019 - INFO - Data for TSLA loaded successfully.
2024-11-09 01:56:36,019 - INFO - Loading data for BND from 2015-01-01 to 2024-10-31
2024-11-09 01:56:36,655 - INFO - Data for BND loaded successfully.
2024-11-09 01:56:36,656 - INFO - Loading data for SPY from 2015-01-01 to 2024-10-31
2024-11-09 01:56:37,166 - INFO - Data for SPY loaded successfully.
2024-11-09 01:56:37,448 - INFO - Data for TSLA saved to ../data\TSLA.csv
2024-11-09 01:56:37,566 - INFO - Data for BND saved to ../data\BND.csv
2024-11-09 01:56:37,663 - INFO - Data for SPY saved to ../data\SPY.csv
2024-11-09 01:56:37,696 - INFO - Checking missing values for TSLA
2024-11-09 01:56:37,707 - INFO - Missing values for TSLA: Price      Ticker
Adj Close  TSLA      0
Close      TSLA      0
High       TSLA      0
Low        TSLA      0
Open       TSLA      0
Volume     TSLA      0
dtype: int64
2024-11-09 01:56:37,707 - INFO - Checking missing values for BND
2024-11-09 01:56:37,714 - INFO - Missing values for BND: Price      Ticker
Adj Close  BND       0
Close      BND       0
High       BND       0
Low        BND       0
Open       BND       0
Volume     BND       0
dtype: int64
2024-11-09 01:56:37,717 - INFO - Checking missing values for SPY
2024-11-09 01:56:37,721 - INFO - Missing values for SPY: Price      Ticker
Adj Close  SPY       0
Close      SPY       0
High       SPY       0
Low        SPY       0
Open       SPY       0
Volume     SPY       0
dtype: int64
2024-11-09 01:56:37,721 - INFO - Data cleaning completed.
2024-11-09 02:00:07,428 - INFO - Loading data for TSLA from 2015-01-01 to 2024-10-31
2024-11-09 02:00:09,666 - INFO - Data for TSLA loaded successfully.
2024-11-09 02:00:09,666 - INFO - Loading data for BND from 2015-01-01 to 2024-10-31
2024-11-09 02:00:10,409 - INFO - Data for BND loaded successfully.
2024-11-09 02:00:10,409 - INFO - Loading data for SPY from 2015-01-01 to 2024-10-31
2024-11-09 02:00:11,069 - INFO - Data for SPY loaded successfully.
2024-11-09 02:00:11,334 - INFO - Data for TSLA saved to ../data\TSLA.csv
2024-11-09 02:00:11,492 - INFO - Data for BND saved to ../data\BND.csv
2024-11-09 02:00:11,732 - INFO - Data for SPY saved to ../data\SPY.csv
2024-11-09 02:00:11,778 - INFO - Checking missing values for TSLA
2024-11-09 02:00:11,790 - INFO - Missing values for TSLA: Price      Ticker
Adj Close  TSLA      0
Close      TSLA      0
High       TSLA      0
Low        TSLA      0
Open       TSLA      0
Volume     TSLA      0
dtype: int64
2024-11-09 02:00:11,790 - INFO - Checking missing values for BND
2024-11-09 02:00:11,790 - INFO - Missing values for BND: Price      Ticker
Adj Close  BND       0
Close      BND       0
High       BND       0
Low        BND       0
Open       BND       0
Volume     BND       0
dtype: int64
2024-11-09 02:00:11,797 - INFO - Checking missing values for SPY
2024-11-09 02:00:11,802 - INFO - Missing values for SPY: Price      Ticker
Adj Close  SPY       0
Close      SPY       0
High       SPY       0
Low        SPY       0
Open       SPY       0
Volume     SPY       0
dtype: int64
2024-11-09 02:00:11,802 - INFO - Data cleaning completed.
2024-11-09 02:04:09,041 - INFO - Loading data for TSLA from 2015-01-01 to 2024-10-31
2024-11-09 02:04:11,115 - INFO - Data for TSLA loaded successfully.
2024-11-09 02:04:11,115 - INFO - Loading data for BND from 2015-01-01 to 2024-10-31
2024-11-09 02:04:11,807 - INFO - Data for BND loaded successfully.
2024-11-09 02:04:11,807 - INFO - Loading data for SPY from 2015-01-01 to 2024-10-31
2024-11-09 02:04:12,428 - INFO - Data for SPY loaded successfully.
2024-11-09 02:04:12,659 - INFO - Data for TSLA saved to ../data\TSLA.csv
2024-11-09 02:04:12,814 - INFO - Data for BND saved to ../data\BND.csv
2024-11-09 02:04:12,916 - INFO - Data for SPY saved to ../data\SPY.csv
2024-11-09 02:04:12,957 - INFO - Checking missing values for TSLA
2024-11-09 02:04:12,966 - INFO - Missing values for TSLA: Price      Ticker
Adj Close  TSLA      0
Close      TSLA      0
High       TSLA      0
Low        TSLA      0
Open       TSLA      0
Volume     TSLA      0
dtype: int64
2024-11-09 02:04:12,970 - INFO - Checking missing values for BND
2024-11-09 02:04:12,979 - INFO - Missing values for BND: Price      Ticker
Adj Close  BND       0
Close      BND       0
High       BND       0
Low        BND       0
Open       BND       0
Volume     BND       0
dtype: int64
2024-11-09 02:04:12,982 - INFO - Checking missing values for SPY
2024-11-09 02:04:12,990 - INFO - Missing values for SPY: Price      Ticker
Adj Close  SPY       0
Close      SPY       0
High       SPY       0
Low        SPY       0
Open       SPY       0
Volume     SPY       0
dtype: int64
2024-11-09 02:04:12,991 - INFO - Data cleaning completed.
2024-11-09 02:06:16,302 - INFO - Loading data for TSLA from 2015-01-01 to 2024-10-31
2024-11-09 02:06:18,140 - INFO - Data for TSLA loaded successfully.
2024-11-09 02:06:18,142 - INFO - Loading data for BND from 2015-01-01 to 2024-10-31
2024-11-09 02:06:18,764 - INFO - Data for BND loaded successfully.
2024-11-09 02:06:18,764 - INFO - Loading data for SPY from 2015-01-01 to 2024-10-31
2024-11-09 02:06:19,355 - INFO - Data for SPY loaded successfully.
2024-11-09 02:06:19,656 - INFO - Data for TSLA saved to ../data\TSLA.csv
2024-11-09 02:06:19,806 - INFO - Data for BND saved to ../data\BND.csv
2024-11-09 02:06:19,894 - INFO - Data for SPY saved to ../data\SPY.csv
2024-11-09 02:06:19,915 - INFO - Checking missing values for TSLA
2024-11-09 02:06:19,919 - INFO - Missing values for TSLA: Price      Ticker
Adj Close  TSLA      0
Close      TSLA      0
High       TSLA      0
Low        TSLA      0
Open       TSLA      0
Volume     TSLA      0
dtype: int64
2024-11-09 02:06:19,919 - INFO - Checking missing values for BND
2024-11-09 02:06:19,930 - INFO - Missing values for BND: Price      Ticker
Adj Close  BND       0
Close      BND       0
High       BND       0
Low        BND       0
Open       BND       0
Volume     BND       0
dtype: int64
2024-11-09 02:06:19,930 - INFO - Checking missing values for SPY
2024-11-09 02:06:19,937 - INFO - Missing values for SPY: Price      Ticker
Adj Close  SPY       0
Close      SPY       0
High       SPY       0
Low        SPY       0
Open       SPY       0
Volume     SPY       0
dtype: int64
2024-11-09 02:06:19,940 - INFO - Data cleaning completed.
2024-11-09 02:17:46,297 - INFO - Loading data for TSLA from 2015-01-01 to 2024-10-31
2024-11-09 02:17:48,468 - INFO - Data for TSLA loaded successfully.
2024-11-09 02:17:48,468 - INFO - Loading data for BND from 2015-01-01 to 2024-10-31
2024-11-09 02:17:48,936 - INFO - Data for BND loaded successfully.
2024-11-09 02:17:48,936 - INFO - Loading data for SPY from 2015-01-01 to 2024-10-31
2024-11-09 02:17:49,464 - INFO - Data for SPY loaded successfully.
2024-11-09 02:17:49,784 - INFO - Data for TSLA saved to ../data\TSLA.csv
2024-11-09 02:17:49,902 - INFO - Data for BND saved to ../data\BND.csv
2024-11-09 02:17:50,034 - INFO - Data for SPY saved to ../data\SPY.csv
2024-11-09 02:17:50,066 - INFO - Checking missing values for TSLA
2024-11-09 02:17:50,075 - INFO - Missing values for TSLA: Price      Ticker
Adj Close  TSLA      0
Close      TSLA      0
High       TSLA      0
Low        TSLA      0
Open       TSLA      0
Volume     TSLA      0
dtype: int64
2024-11-09 02:17:50,078 - INFO - Checking missing values for BND
2024-11-09 02:17:50,091 - INFO - Missing values for BND: Price      Ticker
Adj Close  BND       0
Close      BND       0
High       BND       0
Low        BND       0
Open       BND       0
Volume     BND       0
dtype: int64
2024-11-09 02:17:50,092 - INFO - Checking missing values for SPY
2024-11-09 02:17:50,097 - INFO - Missing values for SPY: Price      Ticker
Adj Close  SPY       0
Close      SPY       0
High       SPY       0
Low        SPY       0
Open       SPY       0
Volume     SPY       0
dtype: int64
2024-11-09 02:17:50,097 - INFO - Data cleaning completed.
2024-11-09 02:31:01,145 - INFO - Loading data for TSLA from 2015-01-01 to 2024-10-31
2024-11-09 02:31:03,656 - INFO - Data for TSLA loaded successfully.
2024-11-09 02:31:03,656 - INFO - Loading data for BND from 2015-01-01 to 2024-10-31
2024-11-09 02:31:04,158 - INFO - Data for BND loaded successfully.
2024-11-09 02:31:04,158 - INFO - Loading data for SPY from 2015-01-01 to 2024-10-31
2024-11-09 02:31:04,747 - INFO - Data for SPY loaded successfully.
2024-11-09 02:31:04,974 - INFO - Data for TSLA saved to ../data\TSLA.csv
2024-11-09 02:31:05,095 - INFO - Data for BND saved to ../data\BND.csv
2024-11-09 02:31:05,228 - INFO - Data for SPY saved to ../data\SPY.csv
2024-11-09 02:31:05,245 - INFO - Checking missing values for TSLA
2024-11-09 02:31:05,245 - INFO - Missing values for TSLA: Price      Ticker
Adj Close  TSLA      0
Close      TSLA      0
High       TSLA      0
Low        TSLA      0
Open       TSLA      0
Volume     TSLA      0
dtype: int64
2024-11-09 02:31:05,252 - INFO - Checking missing values for BND
2024-11-09 02:31:05,252 - INFO - Missing values for BND: Price      Ticker
Adj Close  BND       0
Close      BND       0
High       BND       0
Low        BND       0
Open       BND       0
Volume     BND       0
dtype: int64
2024-11-09 02:31:05,252 - INFO - Checking missing values for SPY
2024-11-09 02:31:05,257 - INFO - Missing values for SPY: Price      Ticker
Adj Close  SPY       0
Close      SPY       0
High       SPY       0
Low        SPY       0
Open       SPY       0
Volume     SPY       0
dtype: int64
2024-11-09 02:31:05,257 - INFO - Data cleaning completed.
2024-11-09 02:34:22,520 - INFO - Loading data for TSLA from 2015-01-01 to 2024-10-31
2024-11-09 02:34:24,665 - INFO - Data for TSLA loaded successfully.
2024-11-09 02:34:24,665 - INFO - Loading data for BND from 2015-01-01 to 2024-10-31
2024-11-09 02:34:25,339 - INFO - Data for BND loaded successfully.
2024-11-09 02:34:25,339 - INFO - Loading data for SPY from 2015-01-01 to 2024-10-31
2024-11-09 02:34:25,825 - INFO - Data for SPY loaded successfully.
2024-11-09 02:34:26,161 - INFO - Data for TSLA saved to ../data\TSLA.csv
2024-11-09 02:34:26,315 - INFO - Data for BND saved to ../data\BND.csv
2024-11-09 02:34:26,503 - INFO - Data for SPY saved to ../data\SPY.csv
2024-11-09 02:34:26,521 - INFO - Checking missing values for TSLA
2024-11-09 02:34:26,524 - INFO - Missing values for TSLA: Price      Ticker
Adj Close  TSLA      0
Close      TSLA      0
High       TSLA      0
Low        TSLA      0
Open       TSLA      0
Volume     TSLA      0
dtype: int64
2024-11-09 02:34:26,527 - INFO - Checking missing values for BND
2024-11-09 02:34:26,531 - INFO - Missing values for BND: Price      Ticker
Adj Close  BND       0
Close      BND       0
High       BND       0
Low        BND       0
Open       BND       0
Volume     BND       0
dtype: int64
2024-11-09 02:34:26,533 - INFO - Checking missing values for SPY
2024-11-09 02:34:26,537 - INFO - Missing values for SPY: Price      Ticker
Adj Close  SPY       0
Close      SPY       0
High       SPY       0
Low        SPY       0
Open       SPY       0
Volume     SPY       0
dtype: int64
2024-11-09 02:34:26,537 - INFO - Data cleaning completed.
2024-11-09 02:39:23,022 - INFO - Loading data for TSLA from 2015-01-01 to 2024-10-31
2024-11-09 02:39:25,281 - INFO - Data for TSLA loaded successfully.
2024-11-09 02:39:25,281 - INFO - Loading data for BND from 2015-01-01 to 2024-10-31
2024-11-09 02:39:26,021 - INFO - Data for BND loaded successfully.
2024-11-09 02:39:26,021 - INFO - Loading data for SPY from 2015-01-01 to 2024-10-31
2024-11-09 02:39:26,687 - INFO - Data for SPY loaded successfully.
2024-11-09 02:39:26,852 - INFO - Data for TSLA saved to ../data\TSLA.csv
2024-11-09 02:39:26,998 - INFO - Data for BND saved to ../data\BND.csv
2024-11-09 02:39:27,159 - INFO - Data for SPY saved to ../data\SPY.csv
2024-11-09 02:39:27,189 - INFO - Checking missing values for TSLA
2024-11-09 02:39:27,198 - INFO - Missing values for TSLA: Price      Ticker
Adj Close  TSLA      0
Close      TSLA      0
High       TSLA      0
Low        TSLA      0
Open       TSLA      0
Volume     TSLA      0
dtype: int64
2024-11-09 02:39:27,202 - INFO - Checking missing values for BND
2024-11-09 02:39:27,210 - INFO - Missing values for BND: Price      Ticker
Adj Close  BND       0
Close      BND       0
High       BND       0
Low        BND       0
Open       BND       0
Volume     BND       0
dtype: int64
2024-11-09 02:39:27,210 - INFO - Checking missing values for SPY
2024-11-09 02:39:27,219 - INFO - Missing values for SPY: Price      Ticker
Adj Close  SPY       0
Close      SPY       0
High       SPY       0
Low        SPY       0
Open       SPY       0
Volume     SPY       0
dtype: int64
2024-11-09 02:39:27,221 - INFO - Data cleaning completed.
2024-11-09 02:41:49,314 - INFO - Loading data for TSLA from 2015-01-01 to 2024-10-31
2024-11-09 02:41:51,332 - INFO - Data for TSLA loaded successfully.
2024-11-09 02:41:51,332 - INFO - Loading data for BND from 2015-01-01 to 2024-10-31
2024-11-09 02:41:51,957 - INFO - Data for BND loaded successfully.
2024-11-09 02:41:51,957 - INFO - Loading data for SPY from 2015-01-01 to 2024-10-31
2024-11-09 02:41:52,411 - INFO - Data for SPY loaded successfully.
2024-11-09 02:41:52,687 - INFO - Data for TSLA saved to ../data\TSLA.csv
2024-11-09 02:41:52,770 - INFO - Data for BND saved to ../data\BND.csv
2024-11-09 02:41:52,869 - INFO - Data for SPY saved to ../data\SPY.csv
2024-11-09 02:41:52,911 - INFO - Checking missing values for TSLA
2024-11-09 02:41:52,926 - INFO - Missing values for TSLA: Price      Ticker
Adj Close  TSLA      0
Close      TSLA      0
High       TSLA      0
Low        TSLA      0
Open       TSLA      0
Volume     TSLA      0
dtype: int64
2024-11-09 02:41:52,926 - INFO - Checking missing values for BND
2024-11-09 02:41:52,939 - INFO - Missing values for BND: Price      Ticker
Adj Close  BND       0
Close      BND       0
High       BND       0
Low        BND       0
Open       BND       0
Volume     BND       0
dtype: int64
2024-11-09 02:41:52,939 - INFO - Checking missing values for SPY
2024-11-09 02:41:52,942 - INFO - Missing values for SPY: Price      Ticker
Adj Close  SPY       0
Close      SPY       0
High       SPY       0
Low        SPY       0
Open       SPY       0
Volume     SPY       0
dtype: int64
2024-11-09 02:41:52,950 - INFO - Data cleaning completed.
2024-11-09 02:48:39,348 - INFO - Loading data for TSLA from 2015-01-01 to 2024-10-31
2024-11-09 02:48:41,529 - INFO - Data for TSLA loaded successfully.
2024-11-09 02:48:41,529 - INFO - Loading data for BND from 2015-01-01 to 2024-10-31
2024-11-09 02:48:42,246 - INFO - Data for BND loaded successfully.
2024-11-09 02:48:42,246 - INFO - Loading data for SPY from 2015-01-01 to 2024-10-31
2024-11-09 02:48:42,994 - INFO - Data for SPY loaded successfully.
2024-11-09 02:48:43,245 - INFO - Data for TSLA saved to ../data\TSLA.csv
2024-11-09 02:48:43,345 - INFO - Data for BND saved to ../data\BND.csv
2024-11-09 02:48:43,451 - INFO - Data for SPY saved to ../data\SPY.csv
2024-11-09 02:48:43,479 - INFO - Checking missing values for TSLA
2024-11-09 02:48:43,480 - INFO - Missing values for TSLA: Price      Ticker
Adj Close  TSLA      0
Close      TSLA      0
High       TSLA      0
Low        TSLA      0
Open       TSLA      0
Volume     TSLA      0
dtype: int64
2024-11-09 02:49:01,563 - INFO - Loading data for TSLA from 2015-01-01 to 2024-10-31
2024-11-09 02:49:01,787 - INFO - Data for TSLA loaded successfully.
2024-11-09 02:49:01,787 - INFO - Loading data for BND from 2015-01-01 to 2024-10-31
2024-11-09 02:49:01,941 - INFO - Data for BND loaded successfully.
2024-11-09 02:49:01,941 - INFO - Loading data for SPY from 2015-01-01 to 2024-10-31
2024-11-09 02:49:02,208 - INFO - Data for SPY loaded successfully.
2024-11-09 02:49:02,458 - INFO - Data for TSLA saved to ../data\TSLA.csv
2024-11-09 02:49:02,611 - INFO - Data for BND saved to ../data\BND.csv
2024-11-09 02:49:02,707 - INFO - Data for SPY saved to ../data\SPY.csv
2024-11-09 02:49:02,730 - INFO - Checking missing values for TSLA
2024-11-09 02:49:02,736 - INFO - Missing values for TSLA: Price      Ticker
Adj Close  TSLA      0
Close      TSLA      0
High       TSLA      0
Low        TSLA      0
Open       TSLA      0
Volume     TSLA      0
dtype: int64
2024-11-09 02:50:37,629 - INFO - Loading data for TSLA from 2015-01-01 to 2024-10-31
2024-11-09 02:50:40,183 - INFO - Data for TSLA loaded successfully.
2024-11-09 02:50:40,183 - INFO - Loading data for BND from 2015-01-01 to 2024-10-31
2024-11-09 02:50:40,813 - INFO - Data for BND loaded successfully.
2024-11-09 02:50:40,813 - INFO - Loading data for SPY from 2015-01-01 to 2024-10-31
2024-11-09 02:50:41,543 - INFO - Data for SPY loaded successfully.
2024-11-09 02:50:41,875 - INFO - Data for TSLA saved to ../data\TSLA.csv
2024-11-09 02:50:42,029 - INFO - Data for BND saved to ../data\BND.csv
2024-11-09 02:50:42,115 - INFO - Data for SPY saved to ../data\SPY.csv
2024-11-09 02:50:42,135 - INFO - Checking missing values for TSLA
2024-11-09 02:50:42,141 - INFO - Missing values for TSLA: Price      Ticker
Adj Close  TSLA      0
Close      TSLA      0
High       TSLA      0
Low        TSLA      0
Open       TSLA      0
Volume     TSLA      0
dtype: int64
2024-11-09 02:55:36,081 - INFO - Loading data for TSLA from 2015-01-01 to 2024-10-31
2024-11-09 02:55:37,911 - INFO - Data for TSLA loaded successfully.
2024-11-09 02:55:37,911 - INFO - Loading data for BND from 2015-01-01 to 2024-10-31
2024-11-09 02:55:38,352 - INFO - Data for BND loaded successfully.
2024-11-09 02:55:38,352 - INFO - Loading data for SPY from 2015-01-01 to 2024-10-31
2024-11-09 02:55:38,794 - INFO - Data for SPY loaded successfully.
2024-11-09 02:55:38,862 - INFO - Data for TSLA saved to ../data\TSLA.csv
2024-11-09 02:55:38,914 - INFO - Data for BND saved to ../data\BND.csv
2024-11-09 02:55:38,945 - INFO - Data for SPY saved to ../data\SPY.csv
2024-11-09 02:55:38,956 - INFO - Checking missing values for TSLA
2024-11-09 02:55:38,956 - INFO - Missing values for TSLA: Price      Ticker
Adj Close  TSLA      0
Close      TSLA      0
High       TSLA      0
Low        TSLA      0
Open       TSLA      0
Volume     TSLA      0
dtype: int64
2024-11-09 02:55:49,463 - INFO - Checking missing values for TSLA
2024-11-09 02:55:49,465 - INFO - Missing values for TSLA: Price      Ticker
Adj Close  TSLA      0
Close      TSLA      0
High       TSLA      0
Low        TSLA      0
Open       TSLA      0
Volume     TSLA      0
dtype: int64
2024-11-09 02:59:56,094 - INFO - Loading data for TSLA from 2015-01-01 to 2024-10-31
2024-11-09 02:59:57,815 - INFO - Data for TSLA loaded successfully.
2024-11-09 02:59:57,815 - INFO - Loading data for BND from 2015-01-01 to 2024-10-31
2024-11-09 02:59:58,136 - INFO - Data for BND loaded successfully.
2024-11-09 02:59:58,136 - INFO - Loading data for SPY from 2015-01-01 to 2024-10-31
2024-11-09 02:59:58,433 - INFO - Data for SPY loaded successfully.
2024-11-09 03:00:02,379 - INFO - Data for TSLA saved to ../data\TSLA.csv
2024-11-09 03:00:02,418 - INFO - Data for BND saved to ../data\BND.csv
2024-11-09 03:00:02,446 - INFO - Data for SPY saved to ../data\SPY.csv
2024-11-09 03:00:39,448 - INFO - Loading data for TSLA from 2015-01-01 to 2024-10-31
2024-11-09 03:00:39,503 - INFO - Data for TSLA loaded successfully.
2024-11-09 03:00:39,503 - INFO - Loading data for BND from 2015-01-01 to 2024-10-31
2024-11-09 03:00:39,547 - INFO - Data for BND loaded successfully.
2024-11-09 03:00:39,547 - INFO - Loading data for SPY from 2015-01-01 to 2024-10-31
2024-11-09 03:00:39,596 - INFO - Data for SPY loaded successfully.
2024-11-09 03:00:49,073 - INFO - Data for TSLA saved to ../data\TSLA.csv
2024-11-09 03:00:49,109 - INFO - Data for BND saved to ../data\BND.csv
2024-11-09 03:00:49,160 - INFO - Data for SPY saved to ../data\SPY.csv
2024-11-09 03:04:11,143 - INFO - Loading data for TSLA from 2015-01-01 to 2024-10-31
2024-11-09 03:04:11,195 - INFO - Data for TSLA loaded successfully.
2024-11-09 03:04:11,195 - INFO - Loading data for BND from 2015-01-01 to 2024-10-31
2024-11-09 03:04:11,238 - INFO - Data for BND loaded successfully.
2024-11-09 03:04:11,238 - INFO - Loading data for SPY from 2015-01-01 to 2024-10-31
2024-11-09 03:04:11,291 - INFO - Data for SPY loaded successfully.
2024-11-09 03:04:13,174 - INFO - Data for TSLA saved to ../data\TSLA.csv
2024-11-09 03:04:13,206 - INFO - Data for BND saved to ../data\BND.csv
2024-11-09 03:04:13,247 - INFO - Data for SPY saved to ../data\SPY.csv
2024-11-09 03:06:57,800 - INFO - Loading data for TSLA from 2015-01-01 to 2024-10-31
2024-11-09 03:06:59,490 - INFO - Data for TSLA loaded successfully.
2024-11-09 03:06:59,490 - INFO - Loading data for BND from 2015-01-01 to 2024-10-31
2024-11-09 03:06:59,763 - INFO - Data for BND loaded successfully.
2024-11-09 03:06:59,763 - INFO - Loading data for SPY from 2015-01-01 to 2024-10-31
2024-11-09 03:07:00,178 - INFO - Data for SPY loaded successfully.
2024-11-09 03:07:00,249 - INFO - Data for TSLA saved to ../data\TSLA.csv
2024-11-09 03:07:00,278 - INFO - Data for BND saved to ../data\BND.csv
2024-11-09 03:07:00,323 - INFO - Data for SPY saved to ../data\SPY.csv
2024-11-09 03:07:03,906 - INFO - Loading data for TSLA from 2015-01-01 to 2024-10-31
2024-11-09 03:07:03,960 - INFO - Data for TSLA loaded successfully.
2024-11-09 03:07:03,960 - INFO - Loading data for BND from 2015-01-01 to 2024-10-31
2024-11-09 03:07:04,002 - INFO - Data for BND loaded successfully.
2024-11-09 03:07:04,002 - INFO - Loading data for SPY from 2015-01-01 to 2024-10-31
2024-11-09 03:07:04,050 - INFO - Data for SPY loaded successfully.
2024-11-09 03:07:05,498 - INFO - Data for TSLA saved to ../data\TSLA.csv
2024-11-09 03:07:05,535 - INFO - Data for BND saved to ../data\BND.csv
2024-11-09 03:07:05,573 - INFO - Data for SPY saved to ../data\SPY.csv
2024-11-09 03:07:48,940 - INFO - Loading data for TSLA from 2015-01-01 to 2024-10-31
2024-11-09 03:07:50,247 - INFO - Data for TSLA loaded successfully.
2024-11-09 03:07:50,247 - INFO - Loading data for BND from 2015-01-01 to 2024-10-31
2024-11-09 03:07:50,649 - INFO - Data for BND loaded successfully.
2024-11-09 03:07:50,649 - INFO - Loading data for SPY from 2015-01-01 to 2024-10-31
2024-11-09 03:07:51,069 - INFO - Data for SPY loaded successfully.
2024-11-09 03:07:53,631 - INFO - Data for TSLA saved to ../data\TSLA.csv
2024-11-09 03:07:53,666 - INFO - Data for BND saved to ../data\BND.csv
2024-11-09 03:07:53,708 - INFO - Data for SPY saved to ../data\SPY.csv
2024-11-09 03:08:43,850 - INFO - Loading data for TSLA from 2015-01-01 to 2024-10-31
2024-11-09 03:08:43,897 - INFO - Data for TSLA loaded successfully.
2024-11-09 03:08:46,173 - INFO - Data for TSLA saved to ../data\TSLA.csv
2024-11-09 03:10:16,851 - INFO - Loading data for TSLA from 2015-01-01 to 2024-10-31
2024-11-09 03:10:18,723 - INFO - Data for TSLA loaded successfully.
2024-11-09 03:10:18,723 - INFO - Loading data for BND from 2015-01-01 to 2024-10-31
2024-11-09 03:10:19,155 - INFO - Data for BND loaded successfully.
2024-11-09 03:10:19,155 - INFO - Loading data for SPY from 2015-01-01 to 2024-10-31
2024-11-09 03:10:19,593 - INFO - Data for SPY loaded successfully.
2024-11-09 03:10:22,007 - INFO - Data for TSLA saved to ../data\TSLA.csv
2024-11-09 03:10:22,037 - INFO - Data for BND saved to ../data\BND.csv
2024-11-09 03:10:22,088 - INFO - Data for SPY saved to ../data\SPY.csv
2024-11-09 03:10:45,263 - INFO - Data for TSLA saved to ../data\TSLA.csv
2024-11-09 03:10:45,305 - INFO - Data for BND saved to ../data\BND.csv
2024-11-09 03:10:45,337 - INFO - Data for SPY saved to ../data\SPY.csv
2024-11-09 03:13:35,007 - INFO - Loading data for TSLA from 2015-01-01 to 2024-10-31
2024-11-09 03:13:36,828 - INFO - Data for TSLA loaded successfully.
2024-11-09 03:13:36,830 - INFO - Loading data for BND from 2015-01-01 to 2024-10-31
2024-11-09 03:13:37,166 - INFO - Data for BND loaded successfully.
2024-11-09 03:13:37,166 - INFO - Loading data for SPY from 2015-01-01 to 2024-10-31
2024-11-09 03:13:37,548 - INFO - Data for SPY loaded successfully.
2024-11-09 03:13:38,886 - INFO - DataFrame for TSLA before saving:
2024-11-09 03:13:38,886 - INFO - Price                      Adj Close      Close       High        Low  \
Ticker                          TSLA       TSLA       TSLA       TSLA   
Date                                                                    
2015-01-02 00:00:00+00:00  14.620667  14.620667  14.883333  14.217333   
2015-01-05 00:00:00+00:00  14.006000  14.006000  14.433333  13.810667   
2015-01-06 00:00:00+00:00  14.085333  14.085333  14.280000  13.614000   
2015-01-07 00:00:00+00:00  14.063333  14.063333  14.318667  13.985333   
2015-01-08 00:00:00+00:00  14.041333  14.041333  14.253333  14.000667   

Price                           Open    Volume  
Ticker                          TSLA      TSLA  
Date                                            
2015-01-02 00:00:00+00:00  14.858000  71466000  
2015-01-05 00:00:00+00:00  14.303333  80527500  
2015-01-06 00:00:00+00:00  14.004000  93928500  
2015-01-07 00:00:00+00:00  14.223333  44526000  
2015-01-08 00:00:00+00:00  14.187333  51637500  
2024-11-09 03:13:38,989 - INFO - Data for TSLA saved to ../data\TSLA.csv
2024-11-09 03:13:39,018 - INFO - DataFrame for BND before saving:
2024-11-09 03:13:39,018 - INFO - Price                      Adj Close      Close       High        Low  \
Ticker                           BND        BND        BND        BND   
Date                                                                    
2015-01-02 00:00:00+00:00  63.358780  82.650002  82.690002  82.419998   
2015-01-05 00:00:00+00:00  63.542725  82.889999  82.919998  82.699997   
2015-01-06 00:00:00+00:00  63.726700  83.129997  83.379997  83.029999   
2015-01-07 00:00:00+00:00  63.765049  83.180000  83.279999  83.050003   
2015-01-08 00:00:00+00:00  63.665428  83.050003  83.110001  82.970001   

Price                           Open   Volume  
Ticker                           BND      BND  
Date                                           
2015-01-02 00:00:00+00:00  82.430000  2218800  
2015-01-05 00:00:00+00:00  82.739998  5820100  
2015-01-06 00:00:00+00:00  83.029999  3887600  
2015-01-07 00:00:00+00:00  83.139999  2433400  
2015-01-08 00:00:00+00:00  83.110001  1873400  
2024-11-09 03:13:39,080 - INFO - Data for BND saved to ../data\BND.csv
2024-11-09 03:13:39,089 - INFO - DataFrame for SPY before saving:
2024-11-09 03:13:39,089 - INFO - Price                       Adj Close       Close        High         Low  \
Ticker                            SPY         SPY         SPY         SPY   
Date                                                                        
2015-01-02 00:00:00+00:00  173.173706  205.429993  206.880005  204.179993   
2015-01-05 00:00:00+00:00  170.046295  201.720001  204.369995  201.350006   
2015-01-06 00:00:00+00:00  168.444626  199.820007  202.720001  198.860001   
2015-01-07 00:00:00+00:00  170.543655  202.309998  202.720001  200.880005   
2015-01-08 00:00:00+00:00  173.569977  205.899994  206.160004  203.990005   

Price                            Open     Volume  
Ticker                            SPY        SPY  
Date                                              
2015-01-02 00:00:00+00:00  206.380005  121465900  
2015-01-05 00:00:00+00:00  204.169998  169632600  
2015-01-06 00:00:00+00:00  202.089996  209151400  
2015-01-07 00:00:00+00:00  201.419998  125346700  
2015-01-08 00:00:00+00:00  204.009995  147217800  
2024-11-09 03:13:39,149 - INFO - Data for SPY saved to ../data\SPY.csv
2024-11-09 03:16:14,569 - INFO - Loading data for TSLA from 2015-01-01 to 2024-10-31
2024-11-09 03:16:16,223 - INFO - Data for TSLA loaded successfully.
2024-11-09 03:16:16,223 - INFO - Loading data for BND from 2015-01-01 to 2024-10-31
2024-11-09 03:16:16,657 - INFO - Data for BND loaded successfully.
2024-11-09 03:16:16,657 - INFO - Loading data for SPY from 2015-01-01 to 2024-10-31
2024-11-09 03:16:17,023 - INFO - Data for SPY loaded successfully.
2024-11-09 03:16:17,862 - INFO - DataFrame for TSLA before saving:
2024-11-09 03:16:17,862 - INFO - Price                      Adj Close      Close       High        Low  \
Ticker                          TSLA       TSLA       TSLA       TSLA   
Date                                                                    
2015-01-02 00:00:00+00:00  14.620667  14.620667  14.883333  14.217333   
2015-01-05 00:00:00+00:00  14.006000  14.006000  14.433333  13.810667   
2015-01-06 00:00:00+00:00  14.085333  14.085333  14.280000  13.614000   
2015-01-07 00:00:00+00:00  14.063333  14.063333  14.318667  13.985333   
2015-01-08 00:00:00+00:00  14.041333  14.041333  14.253333  14.000667   

Price                           Open    Volume  
Ticker                          TSLA      TSLA  
Date                                            
2015-01-02 00:00:00+00:00  14.858000  71466000  
2015-01-05 00:00:00+00:00  14.303333  80527500  
2015-01-06 00:00:00+00:00  14.004000  93928500  
2015-01-07 00:00:00+00:00  14.223333  44526000  
2015-01-08 00:00:00+00:00  14.187333  51637500  
2024-11-09 03:16:17,955 - INFO - Data for TSLA saved to ../data\TSLA.csv
2024-11-09 03:16:17,980 - INFO - DataFrame for BND before saving:
2024-11-09 03:16:17,981 - INFO - Price                      Adj Close      Close       High        Low  \
Ticker                           BND        BND        BND        BND   
Date                                                                    
2015-01-02 00:00:00+00:00  63.358746  82.650002  82.690002  82.419998   
2015-01-05 00:00:00+00:00  63.542702  82.889999  82.919998  82.699997   
2015-01-06 00:00:00+00:00  63.726761  83.129997  83.379997  83.029999   
2015-01-07 00:00:00+00:00  63.765057  83.180000  83.279999  83.050003   
2015-01-08 00:00:00+00:00  63.665379  83.050003  83.110001  82.970001   

Price                           Open   Volume  
Ticker                           BND      BND  
Date                                           
2015-01-02 00:00:00+00:00  82.430000  2218800  
2015-01-05 00:00:00+00:00  82.739998  5820100  
2015-01-06 00:00:00+00:00  83.029999  3887600  
2015-01-07 00:00:00+00:00  83.139999  2433400  
2015-01-08 00:00:00+00:00  83.110001  1873400  
2024-11-09 03:16:18,077 - INFO - Data for BND saved to ../data\BND.csv
2024-11-09 03:16:18,089 - INFO - DataFrame for SPY before saving:
2024-11-09 03:16:18,090 - INFO - Price                       Adj Close       Close        High         Low  \
Ticker                            SPY         SPY         SPY         SPY   
Date                                                                        
2015-01-02 00:00:00+00:00  173.173752  205.429993  206.880005  204.179993   
2015-01-05 00:00:00+00:00  170.046295  201.720001  204.369995  201.350006   
2015-01-06 00:00:00+00:00  168.444672  199.820007  202.720001  198.860001   
2015-01-07 00:00:00+00:00  170.543640  202.309998  202.720001  200.880005   
2015-01-08 00:00:00+00:00  173.569977  205.899994  206.160004  203.990005   

Price                            Open     Volume  
Ticker                            SPY        SPY  
Date                                              
2015-01-02 00:00:00+00:00  206.380005  121465900  
2015-01-05 00:00:00+00:00  204.169998  169632600  
2015-01-06 00:00:00+00:00  202.089996  209151400  
2015-01-07 00:00:00+00:00  201.419998  125346700  
2015-01-08 00:00:00+00:00  204.009995  147217800  
2024-11-09 03:16:18,156 - INFO - Data for SPY saved to ../data\SPY.csv
2024-11-09 03:16:54,123 - INFO - DataFrame for TSLA before saving:
2024-11-09 03:16:54,124 - INFO - Price                      Adj Close      Close       High        Low  \
Ticker                          TSLA       TSLA       TSLA       TSLA   
Date                                                                    
2015-01-02 00:00:00+00:00  14.620667  14.620667  14.883333  14.217333   
2015-01-05 00:00:00+00:00  14.006000  14.006000  14.433333  13.810667   
2015-01-06 00:00:00+00:00  14.085333  14.085333  14.280000  13.614000   
2015-01-07 00:00:00+00:00  14.063333  14.063333  14.318667  13.985333   
2015-01-08 00:00:00+00:00  14.041333  14.041333  14.253333  14.000667   

Price                           Open    Volume  
Ticker                          TSLA      TSLA  
Date                                            
2015-01-02 00:00:00+00:00  14.858000  71466000  
2015-01-05 00:00:00+00:00  14.303333  80527500  
2015-01-06 00:00:00+00:00  14.004000  93928500  
2015-01-07 00:00:00+00:00  14.223333  44526000  
2015-01-08 00:00:00+00:00  14.187333  51637500  
2024-11-09 03:16:54,196 - INFO - Data for TSLA saved to ../data\TSLA.csv
2024-11-09 03:16:54,214 - INFO - DataFrame for BND before saving:
2024-11-09 03:16:54,215 - INFO - Price                      Adj Close      Close       High        Low  \
Ticker                           BND        BND        BND        BND   
Date                                                                    
2015-01-02 00:00:00+00:00  63.358746  82.650002  82.690002  82.419998   
2015-01-05 00:00:00+00:00  63.542702  82.889999  82.919998  82.699997   
2015-01-06 00:00:00+00:00  63.726761  83.129997  83.379997  83.029999   
2015-01-07 00:00:00+00:00  63.765057  83.180000  83.279999  83.050003   
2015-01-08 00:00:00+00:00  63.665379  83.050003  83.110001  82.970001   

Price                           Open   Volume  
Ticker                           BND      BND  
Date                                           
2015-01-02 00:00:00+00:00  82.430000  2218800  
2015-01-05 00:00:00+00:00  82.739998  5820100  
2015-01-06 00:00:00+00:00  83.029999  3887600  
2015-01-07 00:00:00+00:00  83.139999  2433400  
2015-01-08 00:00:00+00:00  83.110001  1873400  
2024-11-09 03:16:54,305 - INFO - Data for BND saved to ../data\BND.csv
2024-11-09 03:16:54,328 - INFO - DataFrame for SPY before saving:
2024-11-09 03:16:54,328 - INFO - Price                       Adj Close       Close        High         Low  \
Ticker                            SPY         SPY         SPY         SPY   
Date                                                                        
2015-01-02 00:00:00+00:00  173.173752  205.429993  206.880005  204.179993   
2015-01-05 00:00:00+00:00  170.046295  201.720001  204.369995  201.350006   
2015-01-06 00:00:00+00:00  168.444672  199.820007  202.720001  198.860001   
2015-01-07 00:00:00+00:00  170.543640  202.309998  202.720001  200.880005   
2015-01-08 00:00:00+00:00  173.569977  205.899994  206.160004  203.990005   

Price                            Open     Volume  
Ticker                            SPY        SPY  
Date                                              
2015-01-02 00:00:00+00:00  206.380005  121465900  
2015-01-05 00:00:00+00:00  204.169998  169632600  
2015-01-06 00:00:00+00:00  202.089996  209151400  
2015-01-07 00:00:00+00:00  201.419998  125346700  
2015-01-08 00:00:00+00:00  204.009995  147217800  
2024-11-09 03:16:54,418 - INFO - Data for SPY saved to ../data\SPY.csv
2024-11-09 03:18:28,566 - INFO - Loading data for TSLA from 2015-01-01 to 2024-10-31
2024-11-09 03:18:30,404 - INFO - Data for TSLA loaded successfully.
2024-11-09 03:18:30,404 - INFO - Loading data for BND from 2015-01-01 to 2024-10-31
2024-11-09 03:18:30,839 - INFO - Data for BND loaded successfully.
2024-11-09 03:18:30,839 - INFO - Loading data for SPY from 2015-01-01 to 2024-10-31
2024-11-09 03:18:31,427 - INFO - Data for SPY loaded successfully.
2024-11-09 03:18:32,443 - INFO - DataFrame for TSLA before saving:
2024-11-09 03:18:32,443 - INFO -                                 TSLA       TSLA       TSLA       TSLA  \
Date                                                                    
2015-01-02 00:00:00+00:00  14.620667  14.620667  14.883333  14.217333   
2015-01-05 00:00:00+00:00  14.006000  14.006000  14.433333  13.810667   
2015-01-06 00:00:00+00:00  14.085333  14.085333  14.280000  13.614000   
2015-01-07 00:00:00+00:00  14.063333  14.063333  14.318667  13.985333   
2015-01-08 00:00:00+00:00  14.041333  14.041333  14.253333  14.000667   

                                TSLA      TSLA  
Date                                            
2015-01-02 00:00:00+00:00  14.858000  71466000  
2015-01-05 00:00:00+00:00  14.303333  80527500  
2015-01-06 00:00:00+00:00  14.004000  93928500  
2015-01-07 00:00:00+00:00  14.223333  44526000  
2015-01-08 00:00:00+00:00  14.187333  51637500  
2024-11-09 03:18:32,490 - INFO - Data for TSLA saved to ../data\TSLA.csv
2024-11-09 03:18:32,496 - INFO - DataFrame for BND before saving:
2024-11-09 03:18:32,496 - INFO -                                  BND        BND        BND        BND  \
Date                                                                    
2015-01-02 00:00:00+00:00  63.358761  82.650002  82.690002  82.419998   
2015-01-05 00:00:00+00:00  63.542736  82.889999  82.919998  82.699997   
2015-01-06 00:00:00+00:00  63.726734  83.129997  83.379997  83.029999   
2015-01-07 00:00:00+00:00  63.765068  83.180000  83.279999  83.050003   
2015-01-08 00:00:00+00:00  63.665398  83.050003  83.110001  82.970001   

                                 BND      BND  
Date                                           
2015-01-02 00:00:00+00:00  82.430000  2218800  
2015-01-05 00:00:00+00:00  82.739998  5820100  
2015-01-06 00:00:00+00:00  83.029999  3887600  
2015-01-07 00:00:00+00:00  83.139999  2433400  
2015-01-08 00:00:00+00:00  83.110001  1873400  
2024-11-09 03:18:32,527 - INFO - Data for BND saved to ../data\BND.csv
2024-11-09 03:18:32,527 - INFO - DataFrame for SPY before saving:
2024-11-09 03:18:32,527 - INFO -                                   SPY         SPY         SPY         SPY  \
Date                                                                        
2015-01-02 00:00:00+00:00  173.173798  205.429993  206.880005  204.179993   
2015-01-05 00:00:00+00:00  170.046341  201.720001  204.369995  201.350006   
2015-01-06 00:00:00+00:00  168.444717  199.820007  202.720001  198.860001   
2015-01-07 00:00:00+00:00  170.543655  202.309998  202.720001  200.880005   
2015-01-08 00:00:00+00:00  173.569962  205.899994  206.160004  203.990005   

                                  SPY        SPY  
Date                                              
2015-01-02 00:00:00+00:00  206.380005  121465900  
2015-01-05 00:00:00+00:00  204.169998  169632600  
2015-01-06 00:00:00+00:00  202.089996  209151400  
2015-01-07 00:00:00+00:00  201.419998  125346700  
2015-01-08 00:00:00+00:00  204.009995  147217800  
2024-11-09 03:18:32,568 - INFO - Data for SPY saved to ../data\SPY.csv
2024-11-09 03:20:10,853 - INFO - Loading data for TSLA from 2015-01-01 to 2024-10-31
2024-11-09 03:20:10,905 - INFO - Data for TSLA loaded successfully.
2024-11-09 03:20:10,906 - INFO - Loading data for BND from 2015-01-01 to 2024-10-31
2024-11-09 03:20:10,951 - INFO - Data for BND loaded successfully.
2024-11-09 03:20:10,951 - INFO - Loading data for SPY from 2015-01-01 to 2024-10-31
2024-11-09 03:20:11,000 - INFO - Data for SPY loaded successfully.
2024-11-09 03:20:12,587 - INFO - DataFrame for TSLA before saving:
2024-11-09 03:20:12,588 - INFO -                                 TSLA       TSLA       TSLA       TSLA  \
Date                                                                    
2015-01-02 00:00:00+00:00  14.620667  14.620667  14.883333  14.217333   
2015-01-05 00:00:00+00:00  14.006000  14.006000  14.433333  13.810667   
2015-01-06 00:00:00+00:00  14.085333  14.085333  14.280000  13.614000   
2015-01-07 00:00:00+00:00  14.063333  14.063333  14.318667  13.985333   
2015-01-08 00:00:00+00:00  14.041333  14.041333  14.253333  14.000667   

                                TSLA      TSLA  
Date                                            
2015-01-02 00:00:00+00:00  14.858000  71466000  
2015-01-05 00:00:00+00:00  14.303333  80527500  
2015-01-06 00:00:00+00:00  14.004000  93928500  
2015-01-07 00:00:00+00:00  14.223333  44526000  
2015-01-08 00:00:00+00:00  14.187333  51637500  
2024-11-09 03:20:12,626 - INFO - Data for TSLA saved to ../data\TSLA.csv
2024-11-09 03:20:12,633 - INFO - DataFrame for BND before saving:
2024-11-09 03:20:12,633 - INFO -                                  BND        BND        BND        BND  \
Date                                                                    
2015-01-02 00:00:00+00:00  63.358761  82.650002  82.690002  82.419998   
2015-01-05 00:00:00+00:00  63.542736  82.889999  82.919998  82.699997   
2015-01-06 00:00:00+00:00  63.726734  83.129997  83.379997  83.029999   
2015-01-07 00:00:00+00:00  63.765068  83.180000  83.279999  83.050003   
2015-01-08 00:00:00+00:00  63.665398  83.050003  83.110001  82.970001   

                                 BND      BND  
Date                                           
2015-01-02 00:00:00+00:00  82.430000  2218800  
2015-01-05 00:00:00+00:00  82.739998  5820100  
2015-01-06 00:00:00+00:00  83.029999  3887600  
2015-01-07 00:00:00+00:00  83.139999  2433400  
2015-01-08 00:00:00+00:00  83.110001  1873400  
2024-11-09 03:20:12,665 - INFO - Data for BND saved to ../data\BND.csv
2024-11-09 03:20:12,670 - INFO - DataFrame for SPY before saving:
2024-11-09 03:20:12,671 - INFO -                                   SPY         SPY         SPY         SPY  \
Date                                                                        
2015-01-02 00:00:00+00:00  173.173798  205.429993  206.880005  204.179993   
2015-01-05 00:00:00+00:00  170.046341  201.720001  204.369995  201.350006   
2015-01-06 00:00:00+00:00  168.444717  199.820007  202.720001  198.860001   
2015-01-07 00:00:00+00:00  170.543655  202.309998  202.720001  200.880005   
2015-01-08 00:00:00+00:00  173.569962  205.899994  206.160004  203.990005   

                                  SPY        SPY  
Date                                              
2015-01-02 00:00:00+00:00  206.380005  121465900  
2015-01-05 00:00:00+00:00  204.169998  169632600  
2015-01-06 00:00:00+00:00  202.089996  209151400  
2015-01-07 00:00:00+00:00  201.419998  125346700  
2015-01-08 00:00:00+00:00  204.009995  147217800  
2024-11-09 03:20:12,704 - INFO - Data for SPY saved to ../data\SPY.csv
2024-11-09 03:20:14,862 - INFO - DataFrame for TSLA before saving:
2024-11-09 03:20:14,862 - INFO -                                 TSLA       TSLA       TSLA       TSLA  \
Date                                                                    
2015-01-02 00:00:00+00:00  14.620667  14.620667  14.883333  14.217333   
2015-01-05 00:00:00+00:00  14.006000  14.006000  14.433333  13.810667   
2015-01-06 00:00:00+00:00  14.085333  14.085333  14.280000  13.614000   
2015-01-07 00:00:00+00:00  14.063333  14.063333  14.318667  13.985333   
2015-01-08 00:00:00+00:00  14.041333  14.041333  14.253333  14.000667   

                                TSLA      TSLA  
Date                                            
2015-01-02 00:00:00+00:00  14.858000  71466000  
2015-01-05 00:00:00+00:00  14.303333  80527500  
2015-01-06 00:00:00+00:00  14.004000  93928500  
2015-01-07 00:00:00+00:00  14.223333  44526000  
2015-01-08 00:00:00+00:00  14.187333  51637500  
2024-11-09 03:20:14,898 - INFO - Data for TSLA saved to ../data\TSLA.csv
2024-11-09 03:20:14,904 - INFO - DataFrame for BND before saving:
2024-11-09 03:20:14,904 - INFO -                                  BND        BND        BND        BND  \
Date                                                                    
2015-01-02 00:00:00+00:00  63.358761  82.650002  82.690002  82.419998   
2015-01-05 00:00:00+00:00  63.542736  82.889999  82.919998  82.699997   
2015-01-06 00:00:00+00:00  63.726734  83.129997  83.379997  83.029999   
2015-01-07 00:00:00+00:00  63.765068  83.180000  83.279999  83.050003   
2015-01-08 00:00:00+00:00  63.665398  83.050003  83.110001  82.970001   

                                 BND      BND  
Date                                           
2015-01-02 00:00:00+00:00  82.430000  2218800  
2015-01-05 00:00:00+00:00  82.739998  5820100  
2015-01-06 00:00:00+00:00  83.029999  3887600  
2015-01-07 00:00:00+00:00  83.139999  2433400  
2015-01-08 00:00:00+00:00  83.110001  1873400  
2024-11-09 03:20:14,935 - INFO - Data for BND saved to ../data\BND.csv
2024-11-09 03:20:14,940 - INFO - DataFrame for SPY before saving:
2024-11-09 03:20:14,940 - INFO -                                   SPY         SPY         SPY         SPY  \
Date                                                                        
2015-01-02 00:00:00+00:00  173.173798  205.429993  206.880005  204.179993   
2015-01-05 00:00:00+00:00  170.046341  201.720001  204.369995  201.350006   
2015-01-06 00:00:00+00:00  168.444717  199.820007  202.720001  198.860001   
2015-01-07 00:00:00+00:00  170.543655  202.309998  202.720001  200.880005   
2015-01-08 00:00:00+00:00  173.569962  205.899994  206.160004  203.990005   

                                  SPY        SPY  
Date                                              
2015-01-02 00:00:00+00:00  206.380005  121465900  
2015-01-05 00:00:00+00:00  204.169998  169632600  
2015-01-06 00:00:00+00:00  202.089996  209151400  
2015-01-07 00:00:00+00:00  201.419998  125346700  
2015-01-08 00:00:00+00:00  204.009995  147217800  
2024-11-09 03:20:14,972 - INFO - Data for SPY saved to ../data\SPY.csv
2024-11-09 03:22:36,702 - INFO - Loading data for TSLA from 2015-01-01 to 2024-10-31
2024-11-09 03:22:58,014 - INFO - Loading data for TSLA from 2015-01-01 to 2024-10-31
2024-11-09 03:22:58,131 - INFO - Data for TSLA loaded successfully.
2024-11-09 03:22:58,131 - INFO - Loading data for BND from 2015-01-01 to 2024-10-31
2024-11-09 03:22:58,676 - INFO - Data for BND loaded successfully.
2024-11-09 03:22:58,676 - INFO - Loading data for SPY from 2015-01-01 to 2024-10-31
2024-11-09 03:22:58,999 - INFO - Data for SPY loaded successfully.
2024-11-09 03:23:01,146 - INFO - DataFrame for TSLA before saving:
2024-11-09 03:23:01,146 - INFO -                                 TSLA       TSLA       TSLA       TSLA  \
Date                                                                    
2015-01-02 00:00:00+00:00  14.620667  14.620667  14.883333  14.217333   
2015-01-05 00:00:00+00:00  14.006000  14.006000  14.433333  13.810667   
2015-01-06 00:00:00+00:00  14.085333  14.085333  14.280000  13.614000   
2015-01-07 00:00:00+00:00  14.063333  14.063333  14.318667  13.985333   
2015-01-08 00:00:00+00:00  14.041333  14.041333  14.253333  14.000667   

                                TSLA      TSLA  
Date                                            
2015-01-02 00:00:00+00:00  14.858000  71466000  
2015-01-05 00:00:00+00:00  14.303333  80527500  
2015-01-06 00:00:00+00:00  14.004000  93928500  
2015-01-07 00:00:00+00:00  14.223333  44526000  
2015-01-08 00:00:00+00:00  14.187333  51637500  
2024-11-09 03:23:01,190 - INFO - Data for TSLA saved to ../data\TSLA.csv
2024-11-09 03:23:01,197 - INFO - DataFrame for BND before saving:
2024-11-09 03:23:01,197 - INFO -                                  BND        BND        BND        BND  \
Date                                                                    
2015-01-02 00:00:00+00:00  63.358753  82.650002  82.690002  82.419998   
2015-01-05 00:00:00+00:00  63.542759  82.889999  82.919998  82.699997   
2015-01-06 00:00:00+00:00  63.726727  83.129997  83.379997  83.029999   
2015-01-07 00:00:00+00:00  63.765076  83.180000  83.279999  83.050003   
2015-01-08 00:00:00+00:00  63.665409  83.050003  83.110001  82.970001   

                                 BND      BND  
Date                                           
2015-01-02 00:00:00+00:00  82.430000  2218800  
2015-01-05 00:00:00+00:00  82.739998  5820100  
2015-01-06 00:00:00+00:00  83.029999  3887600  
2015-01-07 00:00:00+00:00  83.139999  2433400  
2015-01-08 00:00:00+00:00  83.110001  1873400  
2024-11-09 03:23:01,230 - INFO - Data for BND saved to ../data\BND.csv
2024-11-09 03:23:01,235 - INFO - DataFrame for SPY before saving:
2024-11-09 03:23:01,235 - INFO -                                   SPY         SPY         SPY         SPY  \
Date                                                                        
2015-01-02 00:00:00+00:00  173.173721  205.429993  206.880005  204.179993   
2015-01-05 00:00:00+00:00  170.046280  201.720001  204.369995  201.350006   
2015-01-06 00:00:00+00:00  168.444656  199.820007  202.720001  198.860001   
2015-01-07 00:00:00+00:00  170.543671  202.309998  202.720001  200.880005   
2015-01-08 00:00:00+00:00  173.569962  205.899994  206.160004  203.990005   

                                  SPY        SPY  
Date                                              
2015-01-02 00:00:00+00:00  206.380005  121465900  
2015-01-05 00:00:00+00:00  204.169998  169632600  
2015-01-06 00:00:00+00:00  202.089996  209151400  
2015-01-07 00:00:00+00:00  201.419998  125346700  
2015-01-08 00:00:00+00:00  204.009995  147217800  
2024-11-09 03:23:01,264 - INFO - Data for SPY saved to ../data\SPY.csv
2024-11-09 03:23:03,755 - INFO - DataFrame for TSLA before saving:
2024-11-09 03:23:03,755 - INFO -                                 TSLA       TSLA       TSLA       TSLA  \
Date                                                                    
2015-01-02 00:00:00+00:00  14.620667  14.620667  14.883333  14.217333   
2015-01-05 00:00:00+00:00  14.006000  14.006000  14.433333  13.810667   
2015-01-06 00:00:00+00:00  14.085333  14.085333  14.280000  13.614000   
2015-01-07 00:00:00+00:00  14.063333  14.063333  14.318667  13.985333   
2015-01-08 00:00:00+00:00  14.041333  14.041333  14.253333  14.000667   

                                TSLA      TSLA  
Date                                            
2015-01-02 00:00:00+00:00  14.858000  71466000  
2015-01-05 00:00:00+00:00  14.303333  80527500  
2015-01-06 00:00:00+00:00  14.004000  93928500  
2015-01-07 00:00:00+00:00  14.223333  44526000  
2015-01-08 00:00:00+00:00  14.187333  51637500  
2024-11-09 03:23:03,795 - INFO - Data for TSLA saved to ../data\TSLA.csv
2024-11-09 03:23:03,800 - INFO - DataFrame for BND before saving:
2024-11-09 03:23:03,800 - INFO -                                  BND        BND        BND        BND  \
Date                                                                    
2015-01-02 00:00:00+00:00  63.358753  82.650002  82.690002  82.419998   
2015-01-05 00:00:00+00:00  63.542759  82.889999  82.919998  82.699997   
2015-01-06 00:00:00+00:00  63.726727  83.129997  83.379997  83.029999   
2015-01-07 00:00:00+00:00  63.765076  83.180000  83.279999  83.050003   
2015-01-08 00:00:00+00:00  63.665409  83.050003  83.110001  82.970001   

                                 BND      BND  
Date                                           
2015-01-02 00:00:00+00:00  82.430000  2218800  
2015-01-05 00:00:00+00:00  82.739998  5820100  
2015-01-06 00:00:00+00:00  83.029999  3887600  
2015-01-07 00:00:00+00:00  83.139999  2433400  
2015-01-08 00:00:00+00:00  83.110001  1873400  
2024-11-09 03:23:03,830 - INFO - Data for BND saved to ../data\BND.csv
2024-11-09 03:23:03,834 - INFO - DataFrame for SPY before saving:
2024-11-09 03:23:03,834 - INFO -                                   SPY         SPY         SPY         SPY  \
Date                                                                        
2015-01-02 00:00:00+00:00  173.173721  205.429993  206.880005  204.179993   
2015-01-05 00:00:00+00:00  170.046280  201.720001  204.369995  201.350006   
2015-01-06 00:00:00+00:00  168.444656  199.820007  202.720001  198.860001   
2015-01-07 00:00:00+00:00  170.543671  202.309998  202.720001  200.880005   
2015-01-08 00:00:00+00:00  173.569962  205.899994  206.160004  203.990005   

                                  SPY        SPY  
Date                                              
2015-01-02 00:00:00+00:00  206.380005  121465900  
2015-01-05 00:00:00+00:00  204.169998  169632600  
2015-01-06 00:00:00+00:00  202.089996  209151400  
2015-01-07 00:00:00+00:00  201.419998  125346700  
2015-01-08 00:00:00+00:00  204.009995  147217800  
2024-11-09 03:23:03,858 - INFO - Data for SPY saved to ../data\SPY.csv
2024-11-09 03:23:04,251 - INFO - DataFrame for TSLA before saving:
2024-11-09 03:23:04,251 - INFO -                                 TSLA       TSLA       TSLA       TSLA  \
Date                                                                    
2015-01-02 00:00:00+00:00  14.620667  14.620667  14.883333  14.217333   
2015-01-05 00:00:00+00:00  14.006000  14.006000  14.433333  13.810667   
2015-01-06 00:00:00+00:00  14.085333  14.085333  14.280000  13.614000   
2015-01-07 00:00:00+00:00  14.063333  14.063333  14.318667  13.985333   
2015-01-08 00:00:00+00:00  14.041333  14.041333  14.253333  14.000667   

                                TSLA      TSLA  
Date                                            
2015-01-02 00:00:00+00:00  14.858000  71466000  
2015-01-05 00:00:00+00:00  14.303333  80527500  
2015-01-06 00:00:00+00:00  14.004000  93928500  
2015-01-07 00:00:00+00:00  14.223333  44526000  
2015-01-08 00:00:00+00:00  14.187333  51637500  
2024-11-09 03:23:04,295 - INFO - Data for TSLA saved to ../data\TSLA.csv
2024-11-09 03:23:04,300 - INFO - DataFrame for BND before saving:
2024-11-09 03:23:04,300 - INFO -                                  BND        BND        BND        BND  \
Date                                                                    
2015-01-02 00:00:00+00:00  63.358753  82.650002  82.690002  82.419998   
2015-01-05 00:00:00+00:00  63.542759  82.889999  82.919998  82.699997   
2015-01-06 00:00:00+00:00  63.726727  83.129997  83.379997  83.029999   
2015-01-07 00:00:00+00:00  63.765076  83.180000  83.279999  83.050003   
2015-01-08 00:00:00+00:00  63.665409  83.050003  83.110001  82.970001   

                                 BND      BND  
Date                                           
2015-01-02 00:00:00+00:00  82.430000  2218800  
2015-01-05 00:00:00+00:00  82.739998  5820100  
2015-01-06 00:00:00+00:00  83.029999  3887600  
2015-01-07 00:00:00+00:00  83.139999  2433400  
2015-01-08 00:00:00+00:00  83.110001  1873400  
2024-11-09 03:23:04,333 - INFO - Data for BND saved to ../data\BND.csv
2024-11-09 03:23:04,338 - INFO - DataFrame for SPY before saving:
2024-11-09 03:23:04,339 - INFO -                                   SPY         SPY         SPY         SPY  \
Date                                                                        
2015-01-02 00:00:00+00:00  173.173721  205.429993  206.880005  204.179993   
2015-01-05 00:00:00+00:00  170.046280  201.720001  204.369995  201.350006   
2015-01-06 00:00:00+00:00  168.444656  199.820007  202.720001  198.860001   
2015-01-07 00:00:00+00:00  170.543671  202.309998  202.720001  200.880005   
2015-01-08 00:00:00+00:00  173.569962  205.899994  206.160004  203.990005   

                                  SPY        SPY  
Date                                              
2015-01-02 00:00:00+00:00  206.380005  121465900  
2015-01-05 00:00:00+00:00  204.169998  169632600  
2015-01-06 00:00:00+00:00  202.089996  209151400  
2015-01-07 00:00:00+00:00  201.419998  125346700  
2015-01-08 00:00:00+00:00  204.009995  147217800  
2024-11-09 03:23:04,358 - INFO - Data for SPY saved to ../data\SPY.csv
2024-11-09 03:23:04,707 - INFO - DataFrame for TSLA before saving:
2024-11-09 03:23:04,708 - INFO -                                 TSLA       TSLA       TSLA       TSLA  \
Date                                                                    
2015-01-02 00:00:00+00:00  14.620667  14.620667  14.883333  14.217333   
2015-01-05 00:00:00+00:00  14.006000  14.006000  14.433333  13.810667   
2015-01-06 00:00:00+00:00  14.085333  14.085333  14.280000  13.614000   
2015-01-07 00:00:00+00:00  14.063333  14.063333  14.318667  13.985333   
2015-01-08 00:00:00+00:00  14.041333  14.041333  14.253333  14.000667   

                                TSLA      TSLA  
Date                                            
2015-01-02 00:00:00+00:00  14.858000  71466000  
2015-01-05 00:00:00+00:00  14.303333  80527500  
2015-01-06 00:00:00+00:00  14.004000  93928500  
2015-01-07 00:00:00+00:00  14.223333  44526000  
2015-01-08 00:00:00+00:00  14.187333  51637500  
2024-11-09 03:23:04,762 - INFO - Data for TSLA saved to ../data\TSLA.csv
2024-11-09 03:23:04,775 - INFO - DataFrame for BND before saving:
2024-11-09 03:23:04,775 - INFO -                                  BND        BND        BND        BND  \
Date                                                                    
2015-01-02 00:00:00+00:00  63.358753  82.650002  82.690002  82.419998   
2015-01-05 00:00:00+00:00  63.542759  82.889999  82.919998  82.699997   
2015-01-06 00:00:00+00:00  63.726727  83.129997  83.379997  83.029999   
2015-01-07 00:00:00+00:00  63.765076  83.180000  83.279999  83.050003   
2015-01-08 00:00:00+00:00  63.665409  83.050003  83.110001  82.970001   

                                 BND      BND  
Date                                           
2015-01-02 00:00:00+00:00  82.430000  2218800  
2015-01-05 00:00:00+00:00  82.739998  5820100  
2015-01-06 00:00:00+00:00  83.029999  3887600  
2015-01-07 00:00:00+00:00  83.139999  2433400  
2015-01-08 00:00:00+00:00  83.110001  1873400  
2024-11-09 03:23:04,834 - INFO - Data for BND saved to ../data\BND.csv
2024-11-09 03:23:04,843 - INFO - DataFrame for SPY before saving:
2024-11-09 03:23:04,843 - INFO -                                   SPY         SPY         SPY         SPY  \
Date                                                                        
2015-01-02 00:00:00+00:00  173.173721  205.429993  206.880005  204.179993   
2015-01-05 00:00:00+00:00  170.046280  201.720001  204.369995  201.350006   
2015-01-06 00:00:00+00:00  168.444656  199.820007  202.720001  198.860001   
2015-01-07 00:00:00+00:00  170.543671  202.309998  202.720001  200.880005   
2015-01-08 00:00:00+00:00  173.569962  205.899994  206.160004  203.990005   

                                  SPY        SPY  
Date                                              
2015-01-02 00:00:00+00:00  206.380005  121465900  
2015-01-05 00:00:00+00:00  204.169998  169632600  
2015-01-06 00:00:00+00:00  202.089996  209151400  
2015-01-07 00:00:00+00:00  201.419998  125346700  
2015-01-08 00:00:00+00:00  204.009995  147217800  
2024-11-09 03:23:04,885 - INFO - Data for SPY saved to ../data\SPY.csv
2024-11-09 03:23:05,062 - INFO - DataFrame for TSLA before saving:
2024-11-09 03:23:05,062 - INFO -                                 TSLA       TSLA       TSLA       TSLA  \
Date                                                                    
2015-01-02 00:00:00+00:00  14.620667  14.620667  14.883333  14.217333   
2015-01-05 00:00:00+00:00  14.006000  14.006000  14.433333  13.810667   
2015-01-06 00:00:00+00:00  14.085333  14.085333  14.280000  13.614000   
2015-01-07 00:00:00+00:00  14.063333  14.063333  14.318667  13.985333   
2015-01-08 00:00:00+00:00  14.041333  14.041333  14.253333  14.000667   

                                TSLA      TSLA  
Date                                            
2015-01-02 00:00:00+00:00  14.858000  71466000  
2015-01-05 00:00:00+00:00  14.303333  80527500  
2015-01-06 00:00:00+00:00  14.004000  93928500  
2015-01-07 00:00:00+00:00  14.223333  44526000  
2015-01-08 00:00:00+00:00  14.187333  51637500  
2024-11-09 03:23:05,108 - INFO - Data for TSLA saved to ../data\TSLA.csv
2024-11-09 03:23:05,108 - INFO - DataFrame for BND before saving:
2024-11-09 03:23:05,108 - INFO -                                  BND        BND        BND        BND  \
Date                                                                    
2015-01-02 00:00:00+00:00  63.358753  82.650002  82.690002  82.419998   
2015-01-05 00:00:00+00:00  63.542759  82.889999  82.919998  82.699997   
2015-01-06 00:00:00+00:00  63.726727  83.129997  83.379997  83.029999   
2015-01-07 00:00:00+00:00  63.765076  83.180000  83.279999  83.050003   
2015-01-08 00:00:00+00:00  63.665409  83.050003  83.110001  82.970001   

                                 BND      BND  
Date                                           
2015-01-02 00:00:00+00:00  82.430000  2218800  
2015-01-05 00:00:00+00:00  82.739998  5820100  
2015-01-06 00:00:00+00:00  83.029999  3887600  
2015-01-07 00:00:00+00:00  83.139999  2433400  
2015-01-08 00:00:00+00:00  83.110001  1873400  
2024-11-09 03:23:05,179 - INFO - Data for BND saved to ../data\BND.csv
2024-11-09 03:23:05,179 - INFO - DataFrame for SPY before saving:
2024-11-09 03:23:05,179 - INFO -                                   SPY         SPY         SPY         SPY  \
Date                                                                        
2015-01-02 00:00:00+00:00  173.173721  205.429993  206.880005  204.179993   
2015-01-05 00:00:00+00:00  170.046280  201.720001  204.369995  201.350006   
2015-01-06 00:00:00+00:00  168.444656  199.820007  202.720001  198.860001   
2015-01-07 00:00:00+00:00  170.543671  202.309998  202.720001  200.880005   
2015-01-08 00:00:00+00:00  173.569962  205.899994  206.160004  203.990005   

                                  SPY        SPY  
Date                                              
2015-01-02 00:00:00+00:00  206.380005  121465900  
2015-01-05 00:00:00+00:00  204.169998  169632600  
2015-01-06 00:00:00+00:00  202.089996  209151400  
2015-01-07 00:00:00+00:00  201.419998  125346700  
2015-01-08 00:00:00+00:00  204.009995  147217800  
2024-11-09 03:23:05,208 - INFO - Data for SPY saved to ../data\SPY.csv
2024-11-09 03:23:05,459 - INFO - DataFrame for TSLA before saving:
2024-11-09 03:23:05,459 - INFO -                                 TSLA       TSLA       TSLA       TSLA  \
Date                                                                    
2015-01-02 00:00:00+00:00  14.620667  14.620667  14.883333  14.217333   
2015-01-05 00:00:00+00:00  14.006000  14.006000  14.433333  13.810667   
2015-01-06 00:00:00+00:00  14.085333  14.085333  14.280000  13.614000   
2015-01-07 00:00:00+00:00  14.063333  14.063333  14.318667  13.985333   
2015-01-08 00:00:00+00:00  14.041333  14.041333  14.253333  14.000667   

                                TSLA      TSLA  
Date                                            
2015-01-02 00:00:00+00:00  14.858000  71466000  
2015-01-05 00:00:00+00:00  14.303333  80527500  
2015-01-06 00:00:00+00:00  14.004000  93928500  
2015-01-07 00:00:00+00:00  14.223333  44526000  
2015-01-08 00:00:00+00:00  14.187333  51637500  
2024-11-09 03:23:05,526 - INFO - Data for TSLA saved to ../data\TSLA.csv
2024-11-09 03:23:05,529 - INFO - DataFrame for BND before saving:
2024-11-09 03:23:05,529 - INFO -                                  BND        BND        BND        BND  \
Date                                                                    
2015-01-02 00:00:00+00:00  63.358753  82.650002  82.690002  82.419998   
2015-01-05 00:00:00+00:00  63.542759  82.889999  82.919998  82.699997   
2015-01-06 00:00:00+00:00  63.726727  83.129997  83.379997  83.029999   
2015-01-07 00:00:00+00:00  63.765076  83.180000  83.279999  83.050003   
2015-01-08 00:00:00+00:00  63.665409  83.050003  83.110001  82.970001   

                                 BND      BND  
Date                                           
2015-01-02 00:00:00+00:00  82.430000  2218800  
2015-01-05 00:00:00+00:00  82.739998  5820100  
2015-01-06 00:00:00+00:00  83.029999  3887600  
2015-01-07 00:00:00+00:00  83.139999  2433400  
2015-01-08 00:00:00+00:00  83.110001  1873400  
2024-11-09 03:23:05,562 - INFO - Data for BND saved to ../data\BND.csv
2024-11-09 03:23:05,575 - INFO - DataFrame for SPY before saving:
2024-11-09 03:23:05,575 - INFO -                                   SPY         SPY         SPY         SPY  \
Date                                                                        
2015-01-02 00:00:00+00:00  173.173721  205.429993  206.880005  204.179993   
2015-01-05 00:00:00+00:00  170.046280  201.720001  204.369995  201.350006   
2015-01-06 00:00:00+00:00  168.444656  199.820007  202.720001  198.860001   
2015-01-07 00:00:00+00:00  170.543671  202.309998  202.720001  200.880005   
2015-01-08 00:00:00+00:00  173.569962  205.899994  206.160004  203.990005   

                                  SPY        SPY  
Date                                              
2015-01-02 00:00:00+00:00  206.380005  121465900  
2015-01-05 00:00:00+00:00  204.169998  169632600  
2015-01-06 00:00:00+00:00  202.089996  209151400  
2015-01-07 00:00:00+00:00  201.419998  125346700  
2015-01-08 00:00:00+00:00  204.009995  147217800  
2024-11-09 03:23:05,625 - INFO - Data for SPY saved to ../data\SPY.csv
2024-11-09 03:23:31,371 - INFO - DataFrame for TSLA before saving:
2024-11-09 03:23:31,372 - INFO -                                 TSLA       TSLA       TSLA       TSLA  \
Date                                                                    
2015-01-02 00:00:00+00:00  14.620667  14.620667  14.883333  14.217333   
2015-01-05 00:00:00+00:00  14.006000  14.006000  14.433333  13.810667   
2015-01-06 00:00:00+00:00  14.085333  14.085333  14.280000  13.614000   
2015-01-07 00:00:00+00:00  14.063333  14.063333  14.318667  13.985333   
2015-01-08 00:00:00+00:00  14.041333  14.041333  14.253333  14.000667   

                                TSLA      TSLA  
Date                                            
2015-01-02 00:00:00+00:00  14.858000  71466000  
2015-01-05 00:00:00+00:00  14.303333  80527500  
2015-01-06 00:00:00+00:00  14.004000  93928500  
2015-01-07 00:00:00+00:00  14.223333  44526000  
2015-01-08 00:00:00+00:00  14.187333  51637500  
2024-11-09 03:23:31,407 - INFO - Data for TSLA saved to ../data\TSLA.csv
2024-11-09 03:23:31,407 - INFO - DataFrame for BND before saving:
2024-11-09 03:23:31,407 - INFO -                                  BND        BND        BND        BND  \
Date                                                                    
2015-01-02 00:00:00+00:00  63.358753  82.650002  82.690002  82.419998   
2015-01-05 00:00:00+00:00  63.542759  82.889999  82.919998  82.699997   
2015-01-06 00:00:00+00:00  63.726727  83.129997  83.379997  83.029999   
2015-01-07 00:00:00+00:00  63.765076  83.180000  83.279999  83.050003   
2015-01-08 00:00:00+00:00  63.665409  83.050003  83.110001  82.970001   

                                 BND      BND  
Date                                           
2015-01-02 00:00:00+00:00  82.430000  2218800  
2015-01-05 00:00:00+00:00  82.739998  5820100  
2015-01-06 00:00:00+00:00  83.029999  3887600  
2015-01-07 00:00:00+00:00  83.139999  2433400  
2015-01-08 00:00:00+00:00  83.110001  1873400  
2024-11-09 03:23:31,449 - INFO - Data for BND saved to ../data\BND.csv
2024-11-09 03:23:31,454 - INFO - DataFrame for SPY before saving:
2024-11-09 03:23:31,454 - INFO -                                   SPY         SPY         SPY         SPY  \
Date                                                                        
2015-01-02 00:00:00+00:00  173.173721  205.429993  206.880005  204.179993   
2015-01-05 00:00:00+00:00  170.046280  201.720001  204.369995  201.350006   
2015-01-06 00:00:00+00:00  168.444656  199.820007  202.720001  198.860001   
2015-01-07 00:00:00+00:00  170.543671  202.309998  202.720001  200.880005   
2015-01-08 00:00:00+00:00  173.569962  205.899994  206.160004  203.990005   

                                  SPY        SPY  
Date                                              
2015-01-02 00:00:00+00:00  206.380005  121465900  
2015-01-05 00:00:00+00:00  204.169998  169632600  
2015-01-06 00:00:00+00:00  202.089996  209151400  
2015-01-07 00:00:00+00:00  201.419998  125346700  
2015-01-08 00:00:00+00:00  204.009995  147217800  
2024-11-09 03:23:31,485 - INFO - Data for SPY saved to ../data\SPY.csv
2024-11-09 03:25:10,955 - INFO - Loading data for TSLA from 2015-01-01 to 2024-10-31
2024-11-09 03:25:12,688 - INFO - Data for TSLA loaded successfully.
2024-11-09 03:25:12,688 - INFO - Loading data for BND from 2015-01-01 to 2024-10-31
2024-11-09 03:25:13,022 - INFO - Data for BND loaded successfully.
2024-11-09 03:25:13,022 - INFO - Loading data for SPY from 2015-01-01 to 2024-10-31
2024-11-09 03:25:13,329 - INFO - Data for SPY loaded successfully.
2024-11-09 03:25:15,558 - INFO - DataFrame for TSLA before saving:
2024-11-09 03:25:15,558 - INFO -                                 Open       High        Low      Close  \
Date                                                                    
2015-01-02 00:00:00+00:00  14.620667  14.620667  14.883333  14.217333   
2015-01-05 00:00:00+00:00  14.006000  14.006000  14.433333  13.810667   
2015-01-06 00:00:00+00:00  14.085333  14.085333  14.280000  13.614000   
2015-01-07 00:00:00+00:00  14.063333  14.063333  14.318667  13.985333   
2015-01-08 00:00:00+00:00  14.041333  14.041333  14.253333  14.000667   

                           Adj Close    Volume  
Date                                            
2015-01-02 00:00:00+00:00  14.858000  71466000  
2015-01-05 00:00:00+00:00  14.303333  80527500  
2015-01-06 00:00:00+00:00  14.004000  93928500  
2015-01-07 00:00:00+00:00  14.223333  44526000  
2015-01-08 00:00:00+00:00  14.187333  51637500  
2024-11-09 03:25:15,661 - INFO - Data for TSLA saved to ../data\TSLA.csv
2024-11-09 03:25:15,671 - INFO - DataFrame for BND before saving:
2024-11-09 03:25:15,672 - INFO -                                 Open       High        Low      Close  \
Date                                                                    
2015-01-02 00:00:00+00:00  63.358749  82.650002  82.690002  82.419998   
2015-01-05 00:00:00+00:00  63.542755  82.889999  82.919998  82.699997   
2015-01-06 00:00:00+00:00  63.726761  83.129997  83.379997  83.029999   
2015-01-07 00:00:00+00:00  63.765041  83.180000  83.279999  83.050003   
2015-01-08 00:00:00+00:00  63.665405  83.050003  83.110001  82.970001   

                           Adj Close   Volume  
Date                                           
2015-01-02 00:00:00+00:00  82.430000  2218800  
2015-01-05 00:00:00+00:00  82.739998  5820100  
2015-01-06 00:00:00+00:00  83.029999  3887600  
2015-01-07 00:00:00+00:00  83.139999  2433400  
2015-01-08 00:00:00+00:00  83.110001  1873400  
2024-11-09 03:25:15,702 - INFO - Data for BND saved to ../data\BND.csv
2024-11-09 03:25:15,706 - INFO - DataFrame for SPY before saving:
2024-11-09 03:25:15,706 - INFO -                                  Open        High         Low       Close  \
Date                                                                        
2015-01-02 00:00:00+00:00  173.173767  205.429993  206.880005  204.179993   
2015-01-05 00:00:00+00:00  170.046295  201.720001  204.369995  201.350006   
2015-01-06 00:00:00+00:00  168.444626  199.820007  202.720001  198.860001   
2015-01-07 00:00:00+00:00  170.543640  202.309998  202.720001  200.880005   
2015-01-08 00:00:00+00:00  173.569916  205.899994  206.160004  203.990005   

                            Adj Close     Volume  
Date                                              
2015-01-02 00:00:00+00:00  206.380005  121465900  
2015-01-05 00:00:00+00:00  204.169998  169632600  
2015-01-06 00:00:00+00:00  202.089996  209151400  
2015-01-07 00:00:00+00:00  201.419998  125346700  
2015-01-08 00:00:00+00:00  204.009995  147217800  
2024-11-09 03:25:15,736 - INFO - Data for SPY saved to ../data\SPY.csv
2024-11-09 03:31:02,377 - INFO - Loading data for TSLA from 2015-01-01 to 2024-10-31
2024-11-09 03:31:04,012 - INFO - Data for TSLA loaded successfully.
2024-11-09 03:31:04,012 - INFO - Loading data for BND from 2015-01-01 to 2024-10-31
2024-11-09 03:31:04,361 - INFO - Data for BND loaded successfully.
2024-11-09 03:31:04,361 - INFO - Loading data for SPY from 2015-01-01 to 2024-10-31
2024-11-09 03:31:04,780 - INFO - Data for SPY loaded successfully.
2024-11-09 03:31:04,796 - INFO - Checking missing values for TSLA
2024-11-09 03:31:04,797 - INFO - Missing values for TSLA: Price      Ticker
Adj Close  TSLA      0
Close      TSLA      0
High       TSLA      0
Low        TSLA      0
Open       TSLA      0
Volume     TSLA      0
dtype: int64
2024-11-09 03:31:17,974 - INFO - Loading data for TSLA from 2015-01-01 to 2024-10-31
2024-11-09 03:31:19,382 - INFO - Data for TSLA loaded successfully.
2024-11-09 03:31:19,382 - INFO - Loading data for BND from 2015-01-01 to 2024-10-31
2024-11-09 03:31:19,734 - INFO - Data for BND loaded successfully.
2024-11-09 03:31:19,734 - INFO - Loading data for SPY from 2015-01-01 to 2024-10-31
2024-11-09 03:31:20,117 - INFO - Data for SPY loaded successfully.
2024-11-09 03:31:20,119 - INFO - Checking missing values for TSLA
2024-11-09 03:31:20,127 - INFO - Missing values for TSLA: Price      Ticker
Adj Close  TSLA      0
Close      TSLA      0
High       TSLA      0
Low        TSLA      0
Open       TSLA      0
Volume     TSLA      0
dtype: int64
2024-11-09 03:31:46,881 - INFO - Checking missing values for TSLA
2024-11-09 03:31:46,885 - INFO - Missing values for TSLA: Price      Ticker
Adj Close  TSLA      0
Close      TSLA      0
High       TSLA      0
Low        TSLA      0
Open       TSLA      0
Volume     TSLA      0
dtype: int64
2024-11-09 03:32:03,806 - INFO - DataFrame for TSLA before saving:
2024-11-09 03:32:03,806 - INFO -                                 Open       High        Low      Close  \
Date                                                                    
2015-01-02 00:00:00+00:00  14.620667  14.620667  14.883333  14.217333   
2015-01-05 00:00:00+00:00  14.006000  14.006000  14.433333  13.810667   
2015-01-06 00:00:00+00:00  14.085333  14.085333  14.280000  13.614000   
2015-01-07 00:00:00+00:00  14.063333  14.063333  14.318667  13.985333   
2015-01-08 00:00:00+00:00  14.041333  14.041333  14.253333  14.000667   

                           Adj Close    Volume  
Date                                            
2015-01-02 00:00:00+00:00  14.858000  71466000  
2015-01-05 00:00:00+00:00  14.303333  80527500  
2015-01-06 00:00:00+00:00  14.004000  93928500  
2015-01-07 00:00:00+00:00  14.223333  44526000  
2015-01-08 00:00:00+00:00  14.187333  51637500  
2024-11-09 03:32:03,871 - INFO - Data for TSLA saved to ../data\TSLA.csv
2024-11-09 03:32:03,879 - INFO - DataFrame for BND before saving:
2024-11-09 03:32:03,879 - INFO -                                 Open       High        Low      Close  \
Date                                                                    
2015-01-02 00:00:00+00:00  63.358768  82.650002  82.690002  82.419998   
2015-01-05 00:00:00+00:00  63.542759  82.889999  82.919998  82.699997   
2015-01-06 00:00:00+00:00  63.726707  83.129997  83.379997  83.029999   
2015-01-07 00:00:00+00:00  63.765030  83.180000  83.279999  83.050003   
2015-01-08 00:00:00+00:00  63.665424  83.050003  83.110001  82.970001   

                           Adj Close   Volume  
Date                                           
2015-01-02 00:00:00+00:00  82.430000  2218800  
2015-01-05 00:00:00+00:00  82.739998  5820100  
2015-01-06 00:00:00+00:00  83.029999  3887600  
2015-01-07 00:00:00+00:00  83.139999  2433400  
2015-01-08 00:00:00+00:00  83.110001  1873400  
2024-11-09 03:32:03,919 - INFO - Data for BND saved to ../data\BND.csv
2024-11-09 03:32:03,925 - INFO - DataFrame for SPY before saving:
2024-11-09 03:32:03,926 - INFO -                                  Open        High         Low       Close  \
Date                                                                        
2015-01-02 00:00:00+00:00  173.173721  205.429993  206.880005  204.179993   
2015-01-05 00:00:00+00:00  170.046265  201.720001  204.369995  201.350006   
2015-01-06 00:00:00+00:00  168.444626  199.820007  202.720001  198.860001   
2015-01-07 00:00:00+00:00  170.543701  202.309998  202.720001  200.880005   
2015-01-08 00:00:00+00:00  173.569962  205.899994  206.160004  203.990005   

                            Adj Close     Volume  
Date                                              
2015-01-02 00:00:00+00:00  206.380005  121465900  
2015-01-05 00:00:00+00:00  204.169998  169632600  
2015-01-06 00:00:00+00:00  202.089996  209151400  
2015-01-07 00:00:00+00:00  201.419998  125346700  
2015-01-08 00:00:00+00:00  204.009995  147217800  
2024-11-09 03:32:03,962 - INFO - Data for SPY saved to ../data\SPY.csv
2024-11-09 03:32:13,097 - INFO - Checking missing values for TSLA
2024-11-09 03:32:13,097 - INFO - Missing values for TSLA: Open         0
High         0
Low          0
Close        0
Adj Close    0
Volume       0
dtype: int64
2024-11-09 03:32:13,097 - INFO - Checking missing values for BND
2024-11-09 03:32:13,103 - INFO - Missing values for BND: Open         0
High         0
Low          0
Close        0
Adj Close    0
Volume       0
dtype: int64
2024-11-09 03:32:13,105 - INFO - Checking missing values for SPY
2024-11-09 03:32:13,107 - INFO - Missing values for SPY: Open         0
High         0
Low          0
Close        0
Adj Close    0
Volume       0
dtype: int64
2024-11-09 03:32:13,108 - INFO - Data cleaning completed.
2024-11-09 03:32:43,169 - INFO - Checking missing values for TSLA
2024-11-09 03:32:43,172 - INFO - Missing values for TSLA: Open         0
High         0
Low          0
Close        0
Adj Close    0
Volume       0
dtype: int64
2024-11-09 03:32:43,175 - INFO - Checking missing values for BND
2024-11-09 03:32:43,177 - INFO - Missing values for BND: Open         0
High         0
Low          0
Close        0
Adj Close    0
Volume       0
dtype: int64
2024-11-09 03:32:43,179 - INFO - Checking missing values for SPY
2024-11-09 03:32:43,181 - INFO - Missing values for SPY: Open         0
High         0
Low          0
Close        0
Adj Close    0
Volume       0
dtype: int64
2024-11-09 03:32:43,183 - INFO - Data cleaning completed.
2024-11-09 03:32:50,752 - INFO - DataFrame for cleaned TSLA before saving:
2024-11-09 03:32:50,752 - INFO -                                 Open       High        Low      Close  \
Date                                                                    
2015-01-02 00:00:00+00:00  14.620667  14.620667  14.883333  14.217333   
2015-01-05 00:00:00+00:00  14.006000  14.006000  14.433333  13.810667   
2015-01-06 00:00:00+00:00  14.085333  14.085333  14.280000  13.614000   
2015-01-07 00:00:00+00:00  14.063333  14.063333  14.318667  13.985333   
2015-01-08 00:00:00+00:00  14.041333  14.041333  14.253333  14.000667   

                           Adj Close    Volume  
Date                                            
2015-01-02 00:00:00+00:00  14.858000  71466000  
2015-01-05 00:00:00+00:00  14.303333  80527500  
2015-01-06 00:00:00+00:00  14.004000  93928500  
2015-01-07 00:00:00+00:00  14.223333  44526000  
2015-01-08 00:00:00+00:00  14.187333  51637500  
2024-11-09 03:32:50,788 - INFO - Cleaned data for TSLA saved to ../data\cleaned_TSLA.csv
2024-11-09 03:32:50,793 - INFO - DataFrame for cleaned BND before saving:
2024-11-09 03:32:50,793 - INFO -                                 Open       High        Low      Close  \
Date                                                                    
2015-01-02 00:00:00+00:00  63.358768  82.650002  82.690002  82.419998   
2015-01-05 00:00:00+00:00  63.542759  82.889999  82.919998  82.699997   
2015-01-06 00:00:00+00:00  63.726707  83.129997  83.379997  83.029999   
2015-01-07 00:00:00+00:00  63.765030  83.180000  83.279999  83.050003   
2015-01-08 00:00:00+00:00  63.665424  83.050003  83.110001  82.970001   

                           Adj Close   Volume  
Date                                           
2015-01-02 00:00:00+00:00  82.430000  2218800  
2015-01-05 00:00:00+00:00  82.739998  5820100  
2015-01-06 00:00:00+00:00  83.029999  3887600  
2015-01-07 00:00:00+00:00  83.139999  2433400  
2015-01-08 00:00:00+00:00  83.110001  1873400  
2024-11-09 03:32:50,827 - INFO - Cleaned data for BND saved to ../data\cleaned_BND.csv
2024-11-09 03:32:50,827 - INFO - DataFrame for cleaned SPY before saving:
2024-11-09 03:32:50,827 - INFO -                                  Open        High         Low       Close  \
Date                                                                        
2015-01-02 00:00:00+00:00  173.173721  205.429993  206.880005  204.179993   
2015-01-05 00:00:00+00:00  170.046265  201.720001  204.369995  201.350006   
2015-01-06 00:00:00+00:00  168.444626  199.820007  202.720001  198.860001   
2015-01-07 00:00:00+00:00  170.543701  202.309998  202.720001  200.880005   
2015-01-08 00:00:00+00:00  173.569962  205.899994  206.160004  203.990005   

                            Adj Close     Volume  
Date                                              
2015-01-02 00:00:00+00:00  206.380005  121465900  
2015-01-05 00:00:00+00:00  204.169998  169632600  
2015-01-06 00:00:00+00:00  202.089996  209151400  
2015-01-07 00:00:00+00:00  201.419998  125346700  
2015-01-08 00:00:00+00:00  204.009995  147217800  
2024-11-09 03:32:50,865 - INFO - Cleaned data for SPY saved to ../data\cleaned_SPY.csv
2024-11-09 03:33:12,938 - INFO - Checking missing values for TSLA
2024-11-09 03:33:12,939 - INFO - Missing values for TSLA: Open         0
High         0
Low          0
Close        0
Adj Close    0
Volume       0
dtype: int64
2024-11-09 03:33:12,939 - INFO - Checking missing values for BND
2024-11-09 03:33:12,939 - INFO - Missing values for BND: Open         0
High         0
Low          0
Close        0
Adj Close    0
Volume       0
dtype: int64
2024-11-09 03:33:12,939 - INFO - Checking missing values for SPY
2024-11-09 03:33:12,939 - INFO - Missing values for SPY: Open         0
High         0
Low          0
Close        0
Adj Close    0
Volume       0
dtype: int64
2024-11-09 03:33:12,939 - INFO - Data cleaning completed.
2024-11-09 03:35:56,405 - INFO - The Value at Risk (VaR) for TSLA at 95.0% confidence level is -5.08%
2024-11-09 03:35:56,405 - INFO - The Value at Risk (VaR) for BND at 95.0% confidence level is -0.47%
2024-11-09 03:35:56,405 - INFO - The Value at Risk (VaR) for SPY at 95.0% confidence level is -1.55%
2024-11-09 03:36:02,087 - INFO - The Sharpe Ratio for TSLA is -0.24
2024-11-09 03:36:02,088 - INFO - The Sharpe Ratio for BND is -2.57
2024-11-09 03:36:02,088 - INFO - The Sharpe Ratio for SPY is -0.94
2024-11-09 03:53:24,342 - INFO - Loading data for TSLA from 2015-01-01 to 2024-10-31
2024-11-09 03:53:24,399 - INFO - Data for TSLA loaded successfully.
2024-11-09 03:53:24,400 - INFO - Loading data for BND from 2015-01-01 to 2024-10-31
2024-11-09 03:53:24,443 - INFO - Data for BND loaded successfully.
2024-11-09 03:53:24,443 - INFO - Loading data for SPY from 2015-01-01 to 2024-10-31
2024-11-09 03:53:24,495 - INFO - Data for SPY loaded successfully.
2024-11-09 03:53:28,484 - INFO - DataFrame for TSLA before saving:
2024-11-09 03:53:28,484 - INFO -                                 Open       High        Low      Close  \
Date                                                                    
2015-01-02 00:00:00+00:00  14.620667  14.620667  14.883333  14.217333   
2015-01-05 00:00:00+00:00  14.006000  14.006000  14.433333  13.810667   
2015-01-06 00:00:00+00:00  14.085333  14.085333  14.280000  13.614000   
2015-01-07 00:00:00+00:00  14.063333  14.063333  14.318667  13.985333   
2015-01-08 00:00:00+00:00  14.041333  14.041333  14.253333  14.000667   

                           Adj Close    Volume  
Date                                            
2015-01-02 00:00:00+00:00  14.858000  71466000  
2015-01-05 00:00:00+00:00  14.303333  80527500  
2015-01-06 00:00:00+00:00  14.004000  93928500  
2015-01-07 00:00:00+00:00  14.223333  44526000  
2015-01-08 00:00:00+00:00  14.187333  51637500  
2024-11-09 03:53:28,530 - INFO - Data for TSLA saved to ../data\TSLA.csv
2024-11-09 03:53:28,536 - INFO - DataFrame for BND before saving:
2024-11-09 03:53:28,536 - INFO -                                 Open       High        Low      Close  \
Date                                                                    
2015-01-02 00:00:00+00:00  63.358768  82.650002  82.690002  82.419998   
2015-01-05 00:00:00+00:00  63.542759  82.889999  82.919998  82.699997   
2015-01-06 00:00:00+00:00  63.726707  83.129997  83.379997  83.029999   
2015-01-07 00:00:00+00:00  63.765030  83.180000  83.279999  83.050003   
2015-01-08 00:00:00+00:00  63.665424  83.050003  83.110001  82.970001   

                           Adj Close   Volume  
Date                                           
2015-01-02 00:00:00+00:00  82.430000  2218800  
2015-01-05 00:00:00+00:00  82.739998  5820100  
2015-01-06 00:00:00+00:00  83.029999  3887600  
2015-01-07 00:00:00+00:00  83.139999  2433400  
2015-01-08 00:00:00+00:00  83.110001  1873400  
2024-11-09 03:53:28,571 - INFO - Data for BND saved to ../data\BND.csv
2024-11-09 03:53:28,578 - INFO - DataFrame for SPY before saving:
2024-11-09 03:53:28,578 - INFO -                                  Open        High         Low       Close  \
Date                                                                        
2015-01-02 00:00:00+00:00  173.173721  205.429993  206.880005  204.179993   
2015-01-05 00:00:00+00:00  170.046265  201.720001  204.369995  201.350006   
2015-01-06 00:00:00+00:00  168.444626  199.820007  202.720001  198.860001   
2015-01-07 00:00:00+00:00  170.543701  202.309998  202.720001  200.880005   
2015-01-08 00:00:00+00:00  173.569962  205.899994  206.160004  203.990005   

                            Adj Close     Volume  
Date                                              
2015-01-02 00:00:00+00:00  206.380005  121465900  
2015-01-05 00:00:00+00:00  204.169998  169632600  
2015-01-06 00:00:00+00:00  202.089996  209151400  
2015-01-07 00:00:00+00:00  201.419998  125346700  
2015-01-08 00:00:00+00:00  204.009995  147217800  
2024-11-09 03:53:28,605 - INFO - Data for SPY saved to ../data\SPY.csv
2024-11-09 03:53:36,810 - INFO - Checking missing values for TSLA
2024-11-09 03:53:36,812 - INFO - Missing values for TSLA: Open         0
High         0
Low          0
Close        0
Adj Close    0
Volume       0
dtype: int64
2024-11-09 03:53:36,812 - INFO - Checking missing values for BND
2024-11-09 03:53:36,812 - INFO - Missing values for BND: Open         0
High         0
Low          0
Close        0
Adj Close    0
Volume       0
dtype: int64
2024-11-09 03:53:36,812 - INFO - Checking missing values for SPY
2024-11-09 03:53:36,812 - INFO - Missing values for SPY: Open         0
High         0
Low          0
Close        0
Adj Close    0
Volume       0
dtype: int64
2024-11-09 03:53:36,812 - INFO - Data cleaning completed.
2024-11-09 03:53:38,693 - INFO - DataFrame for cleaned TSLA before saving:
2024-11-09 03:53:38,694 - INFO -                                 Open       High        Low      Close  \
Date                                                                    
2015-01-02 00:00:00+00:00  14.620667  14.620667  14.883333  14.217333   
2015-01-05 00:00:00+00:00  14.006000  14.006000  14.433333  13.810667   
2015-01-06 00:00:00+00:00  14.085333  14.085333  14.280000  13.614000   
2015-01-07 00:00:00+00:00  14.063333  14.063333  14.318667  13.985333   
2015-01-08 00:00:00+00:00  14.041333  14.041333  14.253333  14.000667   

                           Adj Close    Volume  
Date                                            
2015-01-02 00:00:00+00:00  14.858000  71466000  
2015-01-05 00:00:00+00:00  14.303333  80527500  
2015-01-06 00:00:00+00:00  14.004000  93928500  
2015-01-07 00:00:00+00:00  14.223333  44526000  
2015-01-08 00:00:00+00:00  14.187333  51637500  
2024-11-09 03:53:38,738 - INFO - Cleaned data for TSLA saved to ../data\cleaned_TSLA.csv
2024-11-09 03:53:38,744 - INFO - DataFrame for cleaned BND before saving:
2024-11-09 03:53:38,744 - INFO -                                 Open       High        Low      Close  \
Date                                                                    
2015-01-02 00:00:00+00:00  63.358768  82.650002  82.690002  82.419998   
2015-01-05 00:00:00+00:00  63.542759  82.889999  82.919998  82.699997   
2015-01-06 00:00:00+00:00  63.726707  83.129997  83.379997  83.029999   
2015-01-07 00:00:00+00:00  63.765030  83.180000  83.279999  83.050003   
2015-01-08 00:00:00+00:00  63.665424  83.050003  83.110001  82.970001   

                           Adj Close   Volume  
Date                                           
2015-01-02 00:00:00+00:00  82.430000  2218800  
2015-01-05 00:00:00+00:00  82.739998  5820100  
2015-01-06 00:00:00+00:00  83.029999  3887600  
2015-01-07 00:00:00+00:00  83.139999  2433400  
2015-01-08 00:00:00+00:00  83.110001  1873400  
2024-11-09 03:53:38,777 - INFO - Cleaned data for BND saved to ../data\cleaned_BND.csv
2024-11-09 03:53:38,781 - INFO - DataFrame for cleaned SPY before saving:
2024-11-09 03:53:38,781 - INFO -                                  Open        High         Low       Close  \
Date                                                                        
2015-01-02 00:00:00+00:00  173.173721  205.429993  206.880005  204.179993   
2015-01-05 00:00:00+00:00  170.046265  201.720001  204.369995  201.350006   
2015-01-06 00:00:00+00:00  168.444626  199.820007  202.720001  198.860001   
2015-01-07 00:00:00+00:00  170.543701  202.309998  202.720001  200.880005   
2015-01-08 00:00:00+00:00  173.569962  205.899994  206.160004  203.990005   

                            Adj Close     Volume  
Date                                              
2015-01-02 00:00:00+00:00  206.380005  121465900  
2015-01-05 00:00:00+00:00  204.169998  169632600  
2015-01-06 00:00:00+00:00  202.089996  209151400  
2015-01-07 00:00:00+00:00  201.419998  125346700  
2015-01-08 00:00:00+00:00  204.009995  147217800  
2024-11-09 03:53:38,809 - INFO - Cleaned data for SPY saved to ../data\cleaned_SPY.csv
2024-11-09 04:36:47,225 - INFO - The Value at Risk (VaR) for TSLA at 95.0% confidence level is -5.08%
2024-11-09 04:36:47,227 - INFO - The Value at Risk (VaR) for BND at 95.0% confidence level is -0.47%
2024-11-09 04:36:47,227 - INFO - The Value at Risk (VaR) for SPY at 95.0% confidence level is -1.55%
2024-11-09 04:40:25,004 - INFO - The Sharpe Ratio for TSLA is -0.24
2024-11-09 04:40:25,004 - INFO - The Sharpe Ratio for BND is -2.57
2024-11-09 04:40:25,004 - INFO - The Sharpe Ratio for SPY is -0.94
